["INFO" - 4:57:18 PM] Extension Name: esbenp.prettier-vscode.
["INFO" - 4:57:18 PM] Extension Version: 9.5.0.
["INFO" - 2:59:03 PM] Formatting file:///home/zdev/projects/discord-dashboard/dashboard-client/src/pages/dashboard/%5Bid%5D/index.module.scss
["INFO" - 2:59:03 PM] Using ignore file (if present) at /home/zdev/projects/discord-dashboard/.prettierignore
["INFO" - 2:59:03 PM] File Info:
{
  "ignored": false,
  "inferredParser": "scss"
}
["INFO" - 2:59:03 PM] No local configuration (i.e. .prettierrc or .editorconfig) detected, falling back to VS Code configuration
["INFO" - 2:59:03 PM] Prettier Options:
{
  "arrowParens": "always",
  "bracketSpacing": true,
  "endOfLine": "lf",
  "htmlWhitespaceSensitivity": "css",
  "insertPragma": false,
  "jsxBracketSameLine": false,
  "jsxSingleQuote": false,
  "printWidth": 80,
  "proseWrap": "preserve",
  "quoteProps": "as-needed",
  "requirePragma": false,
  "semi": true,
  "singleQuote": false,
  "tabWidth": 2,
  "trailingComma": "es5",
  "useTabs": false,
  "vueIndentScriptAndStyle": false,
  "filepath": "/home/zdev/projects/discord-dashboard/dashboard-client/src/pages/dashboard/[id]/index.module.scss",
  "parser": "scss"
}
["INFO" - 2:59:03 PM] Formatting completed in 0.061ms.
["INFO" - 3:03:26 PM] Formatting file:///home/zdev/projects/discord-dashboard/dashboard-client/src/pages/dashboard/%5Bid%5D/index.module.scss
["INFO" - 3:03:26 PM] Using ignore file (if present) at /home/zdev/projects/discord-dashboard/.prettierignore
["INFO" - 3:03:26 PM] File Info:
{
  "ignored": false,
  "inferredParser": "scss"
}
["INFO" - 3:03:26 PM] No local configuration (i.e. .prettierrc or .editorconfig) detected, falling back to VS Code configuration
["INFO" - 3:03:26 PM] Prettier Options:
{
  "arrowParens": "always",
  "bracketSpacing": true,
  "endOfLine": "lf",
  "htmlWhitespaceSensitivity": "css",
  "insertPragma": false,
  "jsxBracketSameLine": false,
  "jsxSingleQuote": false,
  "printWidth": 80,
  "proseWrap": "preserve",
  "quoteProps": "as-needed",
  "requirePragma": false,
  "semi": true,
  "singleQuote": false,
  "tabWidth": 2,
  "trailingComma": "es5",
  "useTabs": false,
  "vueIndentScriptAndStyle": false,
  "filepath": "/home/zdev/projects/discord-dashboard/dashboard-client/src/pages/dashboard/[id]/index.module.scss",
  "parser": "scss"
}
["INFO" - 3:03:26 PM] Formatting completed in 0.017ms.
["INFO" - 3:03:54 PM] Formatting file:///home/zdev/projects/discord-dashboard/dashboard-client/src/pages/dashboard/%5Bid%5D/index.module.scss
["INFO" - 3:03:54 PM] Using ignore file (if present) at /home/zdev/projects/discord-dashboard/.prettierignore
["INFO" - 3:03:54 PM] File Info:
{
  "ignored": false,
  "inferredParser": "scss"
}
["INFO" - 3:03:54 PM] No local configuration (i.e. .prettierrc or .editorconfig) detected, falling back to VS Code configuration
["INFO" - 3:03:54 PM] Prettier Options:
{
  "arrowParens": "always",
  "bracketSpacing": true,
  "endOfLine": "lf",
  "htmlWhitespaceSensitivity": "css",
  "insertPragma": false,
  "jsxBracketSameLine": false,
  "jsxSingleQuote": false,
  "printWidth": 80,
  "proseWrap": "preserve",
  "quoteProps": "as-needed",
  "requirePragma": false,
  "semi": true,
  "singleQuote": false,
  "tabWidth": 2,
  "trailingComma": "es5",
  "useTabs": false,
  "vueIndentScriptAndStyle": false,
  "filepath": "/home/zdev/projects/discord-dashboard/dashboard-client/src/pages/dashboard/[id]/index.module.scss",
  "parser": "scss"
}
["INFO" - 3:03:54 PM] Formatting completed in 0.023ms.
["INFO" - 9:02:48 PM] Formatting file:///home/zdev/projects/discord-dashboard/dashboard-client/src/components/channels/channelItem/index.module.scss
["INFO" - 9:02:48 PM] Using ignore file (if present) at /home/zdev/projects/discord-dashboard/.prettierignore
["INFO" - 9:02:48 PM] File Info:
{
  "ignored": false,
  "inferredParser": "scss"
}
["INFO" - 9:02:48 PM] No local configuration (i.e. .prettierrc or .editorconfig) detected, falling back to VS Code configuration
["INFO" - 9:02:48 PM] Prettier Options:
{
  "arrowParens": "always",
  "bracketSpacing": true,
  "endOfLine": "lf",
  "htmlWhitespaceSensitivity": "css",
  "insertPragma": false,
  "jsxBracketSameLine": false,
  "jsxSingleQuote": false,
  "printWidth": 80,
  "proseWrap": "preserve",
  "quoteProps": "as-needed",
  "requirePragma": false,
  "semi": true,
  "singleQuote": false,
  "tabWidth": 2,
  "trailingComma": "es5",
  "useTabs": false,
  "vueIndentScriptAndStyle": false,
  "filepath": "/home/zdev/projects/discord-dashboard/dashboard-client/src/components/channels/channelItem/index.module.scss",
  "parser": "scss"
}
["INFO" - 9:02:48 PM] Formatting completed in 0.034ms.
