[2022-08-02T10:10:44.178Z] Log level: Info
[2022-08-02T10:10:44.187Z] [info] Validating found git in: git
[2022-08-02T10:10:44.234Z] [info] Using git 2.25.1 from git
[2022-08-02T10:10:44.477Z] > git rev-parse --show-toplevel [205ms]
[2022-08-02T10:10:44.477Z] fatal: not a git repository (or any of the parent directories): .git
[2022-08-02T10:10:44.495Z] > git rev-parse --show-toplevel [7ms]
[2022-08-02T10:10:44.614Z] > git rev-parse --git-dir --git-common-dir [111ms]
[2022-08-02T10:10:44.624Z] [info] Open repository: /home/zdev/projects/discord-dashboard/dashboard-client
[2022-08-02T10:10:44.663Z] > git status -z -uall [24ms]
[2022-08-02T10:10:44.682Z] > git symbolic-ref --short HEAD [12ms]
[2022-08-02T10:10:44.688Z] > git rev-parse --show-toplevel [41ms]
[2022-08-02T10:10:44.707Z] > git rev-parse --git-dir --git-common-dir [12ms]
[2022-08-02T10:10:44.710Z] [info] Open repository: /home/zdev/projects/discord-dashboard/dashboard-api
[2022-08-02T10:10:44.721Z] > git for-each-ref --format=%(refname)%00%(upstream:short)%00%(objectname)%00%(upstream:track)%00%(upstream:remotename)%00%(upstream:remoteref) refs/heads/main refs/remotes/main [33ms]
[2022-08-02T10:10:44.740Z] > git status -z -uall [21ms]
[2022-08-02T10:10:44.746Z] > git remote --verbose [13ms]
[2022-08-02T10:10:44.746Z] > git for-each-ref --sort -committerdate --format %(refname) %(objectname) %(*objectname) [18ms]
[2022-08-02T10:10:44.766Z] > git symbolic-ref --short HEAD [21ms]
[2022-08-02T10:10:44.771Z] > git config --get commit.template [16ms]
[2022-08-02T10:10:44.783Z] > git status -z -uall [4ms]
[2022-08-02T10:10:44.789Z] > git for-each-ref --format=%(refname)%00%(upstream:short)%00%(objectname)%00%(upstream:track)%00%(upstream:remotename)%00%(upstream:remoteref) refs/heads/master refs/remotes/master [19ms]
[2022-08-02T10:10:44.799Z] > git remote --verbose [2ms]
[2022-08-02T10:10:44.799Z] > git for-each-ref --sort -committerdate --format %(refname) %(objectname) %(*objectname) [6ms]
[2022-08-02T10:10:44.803Z] > git symbolic-ref --short HEAD [14ms]
[2022-08-02T10:10:44.816Z] > git for-each-ref --format=%(refname)%00%(upstream:short)%00%(objectname)%00%(upstream:track)%00%(upstream:remotename)%00%(upstream:remoteref) refs/heads/main refs/remotes/main [7ms]
[2022-08-02T10:10:44.824Z] > git for-each-ref --sort -committerdate --format %(refname) %(objectname) %(*objectname) [4ms]
[2022-08-02T10:10:44.824Z] > git config --get commit.template [9ms]
[2022-08-02T10:10:44.830Z] > git remote --verbose [7ms]
[2022-08-02T10:10:44.838Z] > git config --get commit.template [1ms]
[2022-08-02T10:10:44.840Z] > git status -z -uall [11ms]
[2022-08-02T10:10:44.845Z] > git symbolic-ref --short HEAD [0ms]
[2022-08-02T10:10:44.850Z] > git for-each-ref --format=%(refname)%00%(upstream:short)%00%(objectname)%00%(upstream:track)%00%(upstream:remotename)%00%(upstream:remoteref) refs/heads/master refs/remotes/master [1ms]
[2022-08-02T10:10:44.858Z] > git remote --verbose [0ms]
[2022-08-02T10:10:44.859Z] > git for-each-ref --sort -committerdate --format %(refname) %(objectname) %(*objectname) [5ms]
[2022-08-02T10:10:44.865Z] > git config --get commit.template [1ms]
[2022-08-02T10:10:44.913Z] > git rev-parse --show-toplevel [1ms]
[2022-08-02T10:10:44.913Z] fatal: not a git repository (or any of the parent directories): .git
[2022-08-02T10:10:45.031Z] > git rev-parse --show-toplevel [1ms]
[2022-08-02T10:10:45.031Z] fatal: not a git repository (or any of the parent directories): .git
[2022-08-02T10:10:45.111Z] > git rev-parse --show-toplevel [76ms]
[2022-08-02T10:10:45.111Z] fatal: not a git repository (or any of the parent directories): .git
[2022-08-02T10:10:45.171Z] > git fetch [456ms]
[2022-08-02T10:10:45.176Z] > git fetch [544ms]
[2022-08-02T10:10:45.184Z] > git status -z -uall [2ms]
[2022-08-02T10:10:45.191Z] > git status -z -uall [16ms]
[2022-08-02T10:10:45.197Z] > git symbolic-ref --short HEAD [7ms]
[2022-08-02T10:10:45.202Z] > git symbolic-ref --short HEAD [6ms]
[2022-08-02T10:10:45.210Z] > git for-each-ref --format=%(refname)%00%(upstream:short)%00%(objectname)%00%(upstream:track)%00%(upstream:remotename)%00%(upstream:remoteref) refs/heads/main refs/remotes/main [8ms]
[2022-08-02T10:10:45.222Z] > git remote --verbose [2ms]
[2022-08-02T10:10:45.223Z] > git for-each-ref --sort -committerdate --format %(refname) %(objectname) %(*objectname) [8ms]
[2022-08-02T10:10:45.225Z] > git for-each-ref --format=%(refname)%00%(upstream:short)%00%(objectname)%00%(upstream:track)%00%(upstream:remotename)%00%(upstream:remoteref) refs/heads/master refs/remotes/master [16ms]
[2022-08-02T10:10:45.237Z] > git remote --verbose [4ms]
[2022-08-02T10:10:45.237Z] > git for-each-ref --sort -committerdate --format %(refname) %(objectname) %(*objectname) [8ms]
[2022-08-02T10:10:45.245Z] > git config --get commit.template [9ms]
[2022-08-02T10:10:45.248Z] > git config --get commit.template [3ms]
[2022-08-02T10:10:45.625Z] > git check-ignore -v -z --stdin [22ms]
[2022-08-02T10:10:45.628Z] > git check-ignore -v -z --stdin [19ms]
[2022-08-02T10:10:45.629Z] > git show --textconv :src/components/UI/Avatar/ShowAvatar/ShowAvatar.tsx [12ms]
[2022-08-02T10:10:45.629Z] > git ls-files --stage -- /home/zdev/projects/discord-dashboard/dashboard-client/src/components/UI/Avatar/ShowAvatar/ShowAvatar.tsx [6ms]
[2022-08-02T10:10:45.636Z] > git cat-file -s 56943bb700ea6fde0290ff95b6e67f071dc362de [3ms]
[2022-08-02T10:10:46.273Z] > git show --textconv :src/pages/dashboard/[id]/channels.tsx [8ms]
[2022-08-02T10:10:46.274Z] > git ls-files --stage -- /home/zdev/projects/discord-dashboard/dashboard-client/src/pages/dashboard/[id]/channels.tsx [2ms]
[2022-08-02T10:10:46.280Z] > git cat-file -s c2e1f197b823d6514d7493858a897ea9017cd6a6 [1ms]
[2022-08-02T10:10:46.496Z] > git status -z -uall [5ms]
[2022-08-02T10:10:46.502Z] > git symbolic-ref --short HEAD [1ms]
[2022-08-02T10:10:46.509Z] > git status -z -uall [13ms]
[2022-08-02T10:10:46.515Z] > git symbolic-ref --short HEAD [1ms]
[2022-08-02T10:10:46.519Z] > git for-each-ref --format=%(refname)%00%(upstream:short)%00%(objectname)%00%(upstream:track)%00%(upstream:remotename)%00%(upstream:remoteref) refs/heads/main refs/remotes/main [11ms]
[2022-08-02T10:10:46.528Z] > git remote --verbose [2ms]
[2022-08-02T10:10:46.528Z] > git for-each-ref --sort -committerdate --format %(refname) %(objectname) %(*objectname) [5ms]
[2022-08-02T10:10:46.530Z] > git for-each-ref --format=%(refname)%00%(upstream:short)%00%(objectname)%00%(upstream:track)%00%(upstream:remotename)%00%(upstream:remoteref) refs/heads/master refs/remotes/master [11ms]
[2022-08-02T10:10:46.541Z] > git remote --verbose [5ms]
[2022-08-02T10:10:46.542Z] > git for-each-ref --sort -committerdate --format %(refname) %(objectname) %(*objectname) [9ms]
[2022-08-02T10:10:46.547Z] > git config --get commit.template [8ms]
[2022-08-02T10:10:46.548Z] > git config --get commit.template [2ms]
[2022-08-02T10:10:46.597Z] > git ls-files --stage -- /home/zdev/projects/discord-dashboard/dashboard-client/src/pages/dashboard/[id]/channels.tsx [1ms]
[2022-08-02T10:10:46.603Z] > git cat-file -s c2e1f197b823d6514d7493858a897ea9017cd6a6 [0ms]
[2022-08-02T10:10:46.614Z] > git show --textconv :src/pages/dashboard/[id]/channels.tsx [2ms]
[2022-08-02T10:10:46.728Z] > git check-ignore -v -z --stdin [0ms]
[2022-08-02T10:10:59.726Z] > git check-ignore -v -z --stdin [1ms]
[2022-08-02T10:11:00.451Z] > git check-ignore -v -z --stdin [1ms]
[2022-08-02T10:11:01.012Z] > git check-ignore -v -z --stdin [1ms]
[2022-08-02T10:11:02.395Z] > git check-ignore -v -z --stdin [1ms]
[2022-08-02T10:11:02.802Z] > git show --textconv :src/controllers/guilds/index.ts [4ms]
[2022-08-02T10:11:02.803Z] > git ls-files --stage -- /home/zdev/projects/discord-dashboard/dashboard-api/src/controllers/guilds/index.ts [1ms]
[2022-08-02T10:11:02.807Z] > git cat-file -s 158069430bb91ca56c7141d795ff736fad12883d [1ms]
[2022-08-02T10:11:18.159Z] > git check-ignore -v -z --stdin [1ms]
[2022-08-02T10:11:20.263Z] > git check-ignore -v -z --stdin [0ms]
[2022-08-02T10:11:20.637Z] > git show --textconv :src/routes/guilds/index.ts [3ms]
[2022-08-02T10:11:20.637Z] > git ls-files --stage -- /home/zdev/projects/discord-dashboard/dashboard-api/src/routes/guilds/index.ts [1ms]
[2022-08-02T10:11:20.640Z] > git cat-file -s 22d4083398df2cfccd5837bb1a34bfa4d413ac53 [0ms]
[2022-08-02T10:11:29.046Z] > git show --textconv :src/controllers/guilds/index.ts [4ms]
[2022-08-02T10:11:29.048Z] > git ls-files --stage -- /home/zdev/projects/discord-dashboard/dashboard-api/src/controllers/guilds/index.ts [3ms]
[2022-08-02T10:11:29.051Z] > git cat-file -s 158069430bb91ca56c7141d795ff736fad12883d [1ms]
[2022-08-02T10:11:40.301Z] > git check-ignore -v -z --stdin [1ms]
[2022-08-02T10:11:45.420Z] > git check-ignore -v -z --stdin [1ms]
[2022-08-02T10:11:49.299Z] > git check-ignore -v -z --stdin [1ms]
[2022-08-02T10:12:01.455Z] > git check-ignore -v -z --stdin [0ms]
[2022-08-02T10:12:07.609Z] > git check-ignore -v -z --stdin [0ms]
[2022-08-02T10:12:08.133Z] > git check-ignore -v -z --stdin [1ms]
[2022-08-02T10:12:08.895Z] > git show --textconv :src/components/channels/channelItem/ChannelItem.tsx [3ms]
[2022-08-02T10:12:08.895Z] > git ls-files --stage -- /home/zdev/projects/discord-dashboard/dashboard-client/src/components/channels/channelItem/ChannelItem.tsx [1ms]
[2022-08-02T10:12:08.898Z] > git cat-file -s 2ebc39ad999855b0f41a803a876df25e7facc524 [0ms]
[2022-08-02T10:12:11.281Z] > git show --textconv :src/components/guilds/GuildMenuItem/GuildMenuItem.tsx [4ms]
[2022-08-02T10:12:11.282Z] > git ls-files --stage -- /home/zdev/projects/discord-dashboard/dashboard-client/src/components/guilds/GuildMenuItem/GuildMenuItem.tsx [3ms]
[2022-08-02T10:12:11.287Z] > git cat-file -s 69b01db5ba840d24bf70c7be9b49226d55cbaa48 [2ms]
[2022-08-02T10:12:13.863Z] > git show --textconv :src/components/UI/Avatar/ShowAvatar/ShowAvatar.tsx [3ms]
[2022-08-02T10:12:13.863Z] > git ls-files --stage -- /home/zdev/projects/discord-dashboard/dashboard-client/src/components/UI/Avatar/ShowAvatar/ShowAvatar.tsx [1ms]
[2022-08-02T10:12:13.866Z] > git cat-file -s 56943bb700ea6fde0290ff95b6e67f071dc362de [0ms]
[2022-08-02T10:12:15.488Z] > git show --textconv :src/components/UI/Avatar/Avatar.tsx [4ms]
[2022-08-02T10:12:15.489Z] > git ls-files --stage -- /home/zdev/projects/discord-dashboard/dashboard-client/src/components/UI/Avatar/Avatar.tsx [1ms]
[2022-08-02T10:12:15.493Z] > git cat-file -s dba561ba5250e93d7e69baa7b8a2bc2cc3eba0bb [1ms]
[2022-08-02T10:12:16.296Z] > git show --textconv :src/components/channels/channelItem/ChannelItem.tsx [4ms]
[2022-08-02T10:12:16.298Z] > git ls-files --stage -- /home/zdev/projects/discord-dashboard/dashboard-client/src/components/channels/channelItem/ChannelItem.tsx [2ms]
[2022-08-02T10:12:16.302Z] > git cat-file -s 2ebc39ad999855b0f41a803a876df25e7facc524 [0ms]
[2022-08-02T10:12:40.480Z] > git status -z -uall [2ms]
[2022-08-02T10:12:40.484Z] > git symbolic-ref --short HEAD [1ms]
[2022-08-02T10:12:40.488Z] > git for-each-ref --format=%(refname)%00%(upstream:short)%00%(objectname)%00%(upstream:track)%00%(upstream:remotename)%00%(upstream:remoteref) refs/heads/main refs/remotes/main [1ms]
[2022-08-02T10:12:40.496Z] > git remote --verbose [1ms]
[2022-08-02T10:12:40.496Z] > git for-each-ref --sort -committerdate --format %(refname) %(objectname) %(*objectname) [4ms]
[2022-08-02T10:12:40.503Z] > git config --get commit.template [1ms]
[2022-08-02T10:12:45.657Z] > git status -z -uall [1ms]
[2022-08-02T10:12:45.663Z] > git symbolic-ref --short HEAD [2ms]
[2022-08-02T10:12:45.667Z] > git for-each-ref --format=%(refname)%00%(upstream:short)%00%(objectname)%00%(upstream:track)%00%(upstream:remotename)%00%(upstream:remoteref) refs/heads/main refs/remotes/main [1ms]
[2022-08-02T10:12:45.672Z] > git remote --verbose [1ms]
[2022-08-02T10:12:45.672Z] > git for-each-ref --sort -committerdate --format %(refname) %(objectname) %(*objectname) [3ms]
[2022-08-02T10:12:45.678Z] > git config --get commit.template [1ms]
[2022-08-02T10:12:53.737Z] > git status -z -uall [1ms]
[2022-08-02T10:12:53.741Z] > git symbolic-ref --short HEAD [2ms]
[2022-08-02T10:12:53.744Z] > git for-each-ref --format=%(refname)%00%(upstream:short)%00%(objectname)%00%(upstream:track)%00%(upstream:remotename)%00%(upstream:remoteref) refs/heads/main refs/remotes/main [1ms]
[2022-08-02T10:12:53.749Z] > git remote --verbose [0ms]
[2022-08-02T10:12:53.749Z] > git for-each-ref --sort -committerdate --format %(refname) %(objectname) %(*objectname) [3ms]
[2022-08-02T10:12:53.754Z] > git config --get commit.template [0ms]
[2022-08-02T10:13:07.559Z] > git show --textconv :src/pages/_document.tsx [3ms]
[2022-08-02T10:13:07.560Z] > git ls-files --stage -- /home/zdev/projects/discord-dashboard/dashboard-client/src/pages/_document.tsx [1ms]
[2022-08-02T10:13:07.563Z] > git cat-file -s 0f0c6471e8815de6a1cd4ed3aa13b9fdfa46518c [1ms]
[2022-08-02T10:13:51.494Z] > git fetch [422ms]
[2022-08-02T10:13:51.498Z] > git status -z -uall [1ms]
[2022-08-02T10:13:51.503Z] > git symbolic-ref --short HEAD [1ms]
[2022-08-02T10:13:51.507Z] > git fetch [429ms]
[2022-08-02T10:13:51.512Z] > git for-each-ref --format=%(refname)%00%(upstream:short)%00%(objectname)%00%(upstream:track)%00%(upstream:remotename)%00%(upstream:remoteref) refs/heads/main refs/remotes/main [5ms]
[2022-08-02T10:13:51.519Z] > git for-each-ref --sort -committerdate --format %(refname) %(objectname) %(*objectname) [3ms]
[2022-08-02T10:13:51.521Z] > git status -z -uall [10ms]
[2022-08-02T10:13:51.524Z] > git remote --verbose [6ms]
[2022-08-02T10:13:51.530Z] > git symbolic-ref --short HEAD [6ms]
[2022-08-02T10:13:51.534Z] > git config --get commit.template [4ms]
[2022-08-02T10:13:51.535Z] > git for-each-ref --format=%(refname)%00%(upstream:short)%00%(objectname)%00%(upstream:track)%00%(upstream:remotename)%00%(upstream:remoteref) refs/heads/master refs/remotes/master [2ms]
[2022-08-02T10:13:51.542Z] > git remote --verbose [2ms]
[2022-08-02T10:13:51.542Z] > git for-each-ref --sort -committerdate --format %(refname) %(objectname) %(*objectname) [4ms]
[2022-08-02T10:13:51.547Z] > git config --get commit.template [1ms]
[2022-08-02T10:13:52.599Z] > git status -z -uall [3ms]
[2022-08-02T10:13:52.602Z] > git symbolic-ref --short HEAD [0ms]
[2022-08-02T10:13:52.605Z] > git status -z -uall [7ms]
[2022-08-02T10:13:52.608Z] > git for-each-ref --format=%(refname)%00%(upstream:short)%00%(objectname)%00%(upstream:track)%00%(upstream:remotename)%00%(upstream:remoteref) refs/heads/main refs/remotes/main [3ms]
[2022-08-02T10:13:52.613Z] > git remote --verbose [0ms]
[2022-08-02T10:13:52.613Z] > git for-each-ref --sort -committerdate --format %(refname) %(objectname) %(*objectname) [2ms]
[2022-08-02T10:13:52.614Z] > git symbolic-ref --short HEAD [6ms]
[2022-08-02T10:13:52.620Z] > git for-each-ref --format=%(refname)%00%(upstream:short)%00%(objectname)%00%(upstream:track)%00%(upstream:remotename)%00%(upstream:remoteref) refs/heads/master refs/remotes/master [3ms]
[2022-08-02T10:13:52.626Z] > git remote --verbose [1ms]
[2022-08-02T10:13:52.626Z] > git for-each-ref --sort -committerdate --format %(refname) %(objectname) %(*objectname) [4ms]
[2022-08-02T10:13:52.627Z] > git config --get commit.template [7ms]
[2022-08-02T10:13:52.630Z] > git config --get commit.template [1ms]
[2022-08-02T10:13:52.702Z] > git ls-files --stage -- /home/zdev/projects/discord-dashboard/dashboard-client/src/pages/_document.tsx [1ms]
[2022-08-02T10:13:52.704Z] > git cat-file -s 0f0c6471e8815de6a1cd4ed3aa13b9fdfa46518c [0ms]
[2022-08-02T10:13:52.713Z] > git show --textconv :src/pages/_document.tsx [1ms]
[2022-08-02T10:13:57.523Z] > git check-ignore -v -z --stdin [0ms]
[2022-08-02T10:13:58.050Z] > git status -z -uall [1ms]
[2022-08-02T10:13:58.053Z] > git symbolic-ref --short HEAD [0ms]
[2022-08-02T10:13:58.056Z] > git for-each-ref --format=%(refname)%00%(upstream:short)%00%(objectname)%00%(upstream:track)%00%(upstream:remotename)%00%(upstream:remoteref) refs/heads/main refs/remotes/main [0ms]
[2022-08-02T10:13:58.062Z] > git remote --verbose [1ms]
[2022-08-02T10:13:58.062Z] > git for-each-ref --sort -committerdate --format %(refname) %(objectname) %(*objectname) [4ms]
[2022-08-02T10:13:58.069Z] > git config --get commit.template [2ms]
[2022-08-02T10:14:07.559Z] > git status -z -uall [1ms]
[2022-08-02T10:14:07.564Z] > git symbolic-ref --short HEAD [1ms]
[2022-08-02T10:14:07.569Z] > git for-each-ref --format=%(refname)%00%(upstream:short)%00%(objectname)%00%(upstream:track)%00%(upstream:remotename)%00%(upstream:remoteref) refs/heads/main refs/remotes/main [0ms]
[2022-08-02T10:14:07.575Z] > git remote --verbose [0ms]
[2022-08-02T10:14:07.576Z] > git for-each-ref --sort -committerdate --format %(refname) %(objectname) %(*objectname) [4ms]
[2022-08-02T10:14:07.581Z] > git config --get commit.template [0ms]
[2022-08-02T10:14:12.587Z] > git status -z -uall [1ms]
[2022-08-02T10:14:12.590Z] > git symbolic-ref --short HEAD [0ms]
[2022-08-02T10:14:12.593Z] > git for-each-ref --format=%(refname)%00%(upstream:short)%00%(objectname)%00%(upstream:track)%00%(upstream:remotename)%00%(upstream:remoteref) refs/heads/main refs/remotes/main [1ms]
[2022-08-02T10:14:12.598Z] > git remote --verbose [1ms]
[2022-08-02T10:14:12.598Z] > git for-each-ref --sort -committerdate --format %(refname) %(objectname) %(*objectname) [3ms]
[2022-08-02T10:14:12.602Z] > git config --get commit.template [1ms]
[2022-08-02T10:14:17.300Z] > git check-ignore -v -z --stdin [0ms]
[2022-08-02T10:14:17.608Z] > git status -z -uall [1ms]
[2022-08-02T10:14:17.611Z] > git symbolic-ref --short HEAD [1ms]
[2022-08-02T10:14:17.614Z] > git for-each-ref --format=%(refname)%00%(upstream:short)%00%(objectname)%00%(upstream:track)%00%(upstream:remotename)%00%(upstream:remoteref) refs/heads/main refs/remotes/main [1ms]
[2022-08-02T10:14:17.620Z] > git remote --verbose [1ms]
[2022-08-02T10:14:17.620Z] > git for-each-ref --sort -committerdate --format %(refname) %(objectname) %(*objectname) [4ms]
[2022-08-02T10:14:17.625Z] > git config --get commit.template [0ms]
[2022-08-02T10:14:31.317Z] > git status -z -uall [1ms]
[2022-08-02T10:14:31.321Z] > git symbolic-ref --short HEAD [1ms]
[2022-08-02T10:14:31.324Z] > git for-each-ref --format=%(refname)%00%(upstream:short)%00%(objectname)%00%(upstream:track)%00%(upstream:remotename)%00%(upstream:remoteref) refs/heads/main refs/remotes/main [1ms]
[2022-08-02T10:14:31.330Z] > git remote --verbose [1ms]
[2022-08-02T10:14:31.331Z] > git for-each-ref --sort -committerdate --format %(refname) %(objectname) %(*objectname) [4ms]
[2022-08-02T10:14:31.335Z] > git config --get commit.template [0ms]
[2022-08-02T10:14:32.430Z] > git ls-files --stage -- /home/zdev/projects/discord-dashboard/dashboard-client/src/pages/_document.tsx [1ms]
[2022-08-02T10:14:32.433Z] > git cat-file -s 0f0c6471e8815de6a1cd4ed3aa13b9fdfa46518c [0ms]
[2022-08-02T10:14:32.441Z] > git show --textconv :src/pages/_document.tsx [1ms]
[2022-08-02T10:14:37.003Z] > git status -z -uall [0ms]
[2022-08-02T10:14:37.007Z] > git symbolic-ref --short HEAD [1ms]
[2022-08-02T10:14:37.010Z] > git for-each-ref --format=%(refname)%00%(upstream:short)%00%(objectname)%00%(upstream:track)%00%(upstream:remotename)%00%(upstream:remoteref) refs/heads/main refs/remotes/main [1ms]
[2022-08-02T10:14:37.014Z] > git for-each-ref --sort -committerdate --format %(refname) %(objectname) %(*objectname) [2ms]
[2022-08-02T10:14:37.015Z] > git remote --verbose [2ms]
[2022-08-02T10:14:37.018Z] > git config --get commit.template [0ms]
[2022-08-03T11:19:44.819Z] > git rev-parse --show-toplevel [4ms]
[2022-08-03T11:19:44.819Z] fatal: not a git repository (or any of the parent directories): .git
[2022-08-03T11:20:01.793Z] > git rev-parse --show-toplevel [2ms]
[2022-08-03T11:20:01.793Z] fatal: not a git repository (or any of the parent directories): .git
[2022-08-04T02:59:01.083Z] > git fetch [10424ms]
[2022-08-04T02:59:01.083Z] fatal: unable to access 'https://github.com/ZedanSaheer/discord-dashboard-client.git/': Could not resolve host: github.com
[2022-08-04T02:59:01.084Z] > git fetch [10414ms]
[2022-08-04T02:59:01.084Z] fatal: unable to access 'https://github.com/ZedanSaheer/discord-dashboard-api.git/': Could not resolve host: github.com
[2022-08-04T03:00:02.471Z] > git ls-files --stage -- /home/zdev/projects/discord-dashboard/dashboard-client/src/pages/_document.tsx [2ms]
[2022-08-04T03:00:02.478Z] > git cat-file -s 0f0c6471e8815de6a1cd4ed3aa13b9fdfa46518c [1ms]
[2022-08-04T03:00:02.517Z] > git show --textconv :src/pages/_document.tsx [4ms]
[2022-08-04T03:01:54.057Z] > git show --textconv :package.json [117ms]
[2022-08-04T03:01:54.057Z] > git ls-files --stage -- /home/zdev/projects/discord-dashboard/dashboard-client/package.json [112ms]
[2022-08-04T03:01:54.068Z] > git cat-file -s 783aad9771e5f6731c9835d09e23548133ac836b [5ms]
[2022-08-04T03:05:04.946Z] > git fetch [668ms]
[2022-08-04T03:05:04.955Z] > git status -z -uall [4ms]
[2022-08-04T03:05:04.961Z] > git fetch [676ms]
[2022-08-04T03:05:04.973Z] > git symbolic-ref --short HEAD [13ms]
[2022-08-04T03:05:05.009Z] > git for-each-ref --format=%(refname)%00%(upstream:short)%00%(objectname)%00%(upstream:track)%00%(upstream:remotename)%00%(upstream:remoteref) refs/heads/main refs/remotes/main [1ms]
[2022-08-04T03:05:05.039Z] > git status -z -uall [66ms]
[2022-08-04T03:05:05.042Z] > git remote --verbose [5ms]
[2022-08-04T03:05:05.042Z] > git for-each-ref --sort -committerdate --format %(refname) %(objectname) %(*objectname) [9ms]
[2022-08-04T03:05:05.071Z] > git symbolic-ref --short HEAD [29ms]
[2022-08-04T03:05:05.080Z] > git config --get commit.template [9ms]
[2022-08-04T03:05:05.081Z] > git for-each-ref --format=%(refname)%00%(upstream:short)%00%(objectname)%00%(upstream:track)%00%(upstream:remotename)%00%(upstream:remoteref) refs/heads/master refs/remotes/master [2ms]
[2022-08-04T03:05:05.102Z] > git remote --verbose [2ms]
[2022-08-04T03:05:05.102Z] > git for-each-ref --sort -committerdate --format %(refname) %(objectname) %(*objectname) [11ms]
[2022-08-04T03:05:05.109Z] > git config --get commit.template [0ms]
[2022-08-04T03:05:06.156Z] > git ls-files --stage -- /home/zdev/projects/discord-dashboard/dashboard-client/package.json [1ms]
[2022-08-04T03:05:06.161Z] > git cat-file -s 783aad9771e5f6731c9835d09e23548133ac836b [1ms]
[2022-08-04T03:05:06.220Z] > git show --textconv :package.json [1ms]
[2022-08-04T03:05:12.537Z] > git status -z -uall [1ms]
[2022-08-04T03:05:12.541Z] > git symbolic-ref --short HEAD [0ms]
[2022-08-04T03:05:12.546Z] > git for-each-ref --format=%(refname)%00%(upstream:short)%00%(objectname)%00%(upstream:track)%00%(upstream:remotename)%00%(upstream:remoteref) refs/heads/main refs/remotes/main [1ms]
[2022-08-04T03:05:12.552Z] > git remote --verbose [1ms]
[2022-08-04T03:05:12.552Z] > git for-each-ref --sort -committerdate --format %(refname) %(objectname) %(*objectname) [3ms]
[2022-08-04T03:05:12.557Z] > git config --get commit.template [1ms]
[2022-08-04T03:05:12.650Z] > git ls-files --stage -- /home/zdev/projects/discord-dashboard/dashboard-client/package.json [0ms]
[2022-08-04T03:05:12.655Z] > git cat-file -s 783aad9771e5f6731c9835d09e23548133ac836b [1ms]
[2022-08-04T03:05:12.667Z] > git show --textconv :package.json [0ms]
[2022-08-04T03:05:13.778Z] > git ls-files --stage -- /home/zdev/projects/discord-dashboard/dashboard-client/package.json [0ms]
[2022-08-04T03:05:13.782Z] > git cat-file -s 783aad9771e5f6731c9835d09e23548133ac836b [1ms]
[2022-08-04T03:05:13.796Z] > git show --textconv :package.json [1ms]
[2022-08-04T03:05:17.563Z] > git status -z -uall [1ms]
[2022-08-04T03:05:17.566Z] > git symbolic-ref --short HEAD [0ms]
[2022-08-04T03:05:17.570Z] > git for-each-ref --format=%(refname)%00%(upstream:short)%00%(objectname)%00%(upstream:track)%00%(upstream:remotename)%00%(upstream:remoteref) refs/heads/main refs/remotes/main [1ms]
[2022-08-04T03:05:17.576Z] > git remote --verbose [1ms]
[2022-08-04T03:05:17.576Z] > git for-each-ref --sort -committerdate --format %(refname) %(objectname) %(*objectname) [4ms]
[2022-08-04T03:05:17.584Z] > git config --get commit.template [1ms]
[2022-08-04T03:05:22.404Z] > git status -z -uall [8ms]
[2022-08-04T03:05:22.411Z] > git symbolic-ref --short HEAD [1ms]
[2022-08-04T03:05:22.417Z] > git for-each-ref --format=%(refname)%00%(upstream:short)%00%(objectname)%00%(upstream:track)%00%(upstream:remotename)%00%(upstream:remoteref) refs/heads/master refs/remotes/master [0ms]
[2022-08-04T03:05:22.425Z] > git remote --verbose [0ms]
[2022-08-04T03:05:22.426Z] > git for-each-ref --sort -committerdate --format %(refname) %(objectname) %(*objectname) [5ms]
[2022-08-04T03:05:22.432Z] > git config --get commit.template [0ms]
[2022-08-04T03:05:22.592Z] > git status -z -uall [2ms]
[2022-08-04T03:05:22.599Z] > git symbolic-ref --short HEAD [0ms]
[2022-08-04T03:05:22.605Z] > git for-each-ref --format=%(refname)%00%(upstream:short)%00%(objectname)%00%(upstream:track)%00%(upstream:remotename)%00%(upstream:remoteref) refs/heads/main refs/remotes/main [1ms]
[2022-08-04T03:05:22.616Z] > git remote --verbose [1ms]
[2022-08-04T03:05:22.617Z] > git for-each-ref --sort -committerdate --format %(refname) %(objectname) %(*objectname) [7ms]
[2022-08-04T03:05:22.627Z] > git config --get commit.template [1ms]
[2022-08-04T03:05:36.597Z] > git status -z -uall [2ms]
[2022-08-04T03:05:36.607Z] > git symbolic-ref --short HEAD [2ms]
[2022-08-04T03:05:36.616Z] > git for-each-ref --format=%(refname)%00%(upstream:short)%00%(objectname)%00%(upstream:track)%00%(upstream:remotename)%00%(upstream:remoteref) refs/heads/main refs/remotes/main [1ms]
[2022-08-04T03:05:36.629Z] > git for-each-ref --sort -committerdate --format %(refname) %(objectname) %(*objectname) [6ms]
[2022-08-04T03:05:36.630Z] > git remote --verbose [2ms]
[2022-08-04T03:05:36.639Z] > git config --get commit.template [1ms]
[2022-08-04T03:05:41.648Z] > git status -z -uall [2ms]
[2022-08-04T03:05:41.652Z] > git symbolic-ref --short HEAD [0ms]
[2022-08-04T03:05:41.656Z] > git for-each-ref --format=%(refname)%00%(upstream:short)%00%(objectname)%00%(upstream:track)%00%(upstream:remotename)%00%(upstream:remoteref) refs/heads/main refs/remotes/main [1ms]
[2022-08-04T03:05:41.662Z] > git remote --verbose [1ms]
[2022-08-04T03:05:41.662Z] > git for-each-ref --sort -committerdate --format %(refname) %(objectname) %(*objectname) [3ms]
[2022-08-04T03:05:41.667Z] > git config --get commit.template [1ms]
[2022-08-04T03:05:42.788Z] > git show --textconv :src/components/channels/channelItem/ChannelItem.tsx [10ms]
[2022-08-04T03:05:42.789Z] > git ls-files --stage -- /home/zdev/projects/discord-dashboard/dashboard-client/src/components/channels/channelItem/ChannelItem.tsx [2ms]
[2022-08-04T03:05:42.796Z] > git cat-file -s 2ebc39ad999855b0f41a803a876df25e7facc524 [1ms]
[2022-08-04T03:05:53.701Z] > git show --textconv :src/pages/dashboard/[id]/channel.module.scss [6ms]
[2022-08-04T03:05:53.701Z] > git ls-files --stage -- /home/zdev/projects/discord-dashboard/dashboard-client/src/pages/dashboard/[id]/channel.module.scss [2ms]
[2022-08-04T03:05:53.707Z] > git cat-file -s 546dc927f3620bb6354a39376b5b8569df3d124e [1ms]
[2022-08-04T03:05:55.164Z] > git show --textconv :src/pages/menu/index.tsx [5ms]
[2022-08-04T03:05:55.165Z] > git ls-files --stage -- /home/zdev/projects/discord-dashboard/dashboard-client/src/pages/menu/index.tsx [1ms]
[2022-08-04T03:05:55.171Z] > git cat-file -s e7c363458c33274c5e80e20de9a6fdcc7f02a683 [0ms]
[2022-08-04T03:05:59.311Z] > git show --textconv :src/pages/_app.tsx [7ms]
[2022-08-04T03:05:59.312Z] > git ls-files --stage -- /home/zdev/projects/discord-dashboard/dashboard-client/src/pages/_app.tsx [4ms]
[2022-08-04T03:05:59.319Z] > git cat-file -s 117948d6e3e9a0c1de7ca5264bcc97b4d1b22667 [1ms]
[2022-08-04T03:06:00.731Z] > git show --textconv :src/pages/_document.tsx [4ms]
[2022-08-04T03:06:00.731Z] > git ls-files --stage -- /home/zdev/projects/discord-dashboard/dashboard-client/src/pages/_document.tsx [1ms]
[2022-08-04T03:06:00.736Z] > git cat-file -s 0f0c6471e8815de6a1cd4ed3aa13b9fdfa46518c [1ms]
[2022-08-04T03:06:04.577Z] > git show --textconv :src/pages/dashboard/[id]/settings.tsx [4ms]
[2022-08-04T03:06:04.578Z] > git ls-files --stage -- /home/zdev/projects/discord-dashboard/dashboard-client/src/pages/dashboard/[id]/settings.tsx [1ms]
[2022-08-04T03:06:04.582Z] > git cat-file -s ad23d9b0b5f11ca49185d67995399e140cdd8491 [1ms]
[2022-08-04T03:06:05.791Z] > git show --textconv :src/pages/dashboard/[id]/index.tsx [5ms]
[2022-08-04T03:06:05.791Z] > git ls-files --stage -- /home/zdev/projects/discord-dashboard/dashboard-client/src/pages/dashboard/[id]/index.tsx [1ms]
[2022-08-04T03:06:05.796Z] > git cat-file -s e3e1578412505ceb06d3c5182dbeecd8c0cc813d [1ms]
[2022-08-04T03:06:27.032Z] > git show --textconv :src/pages/dashboard/[id]/settings.tsx [4ms]
[2022-08-04T03:06:27.033Z] > git ls-files --stage -- /home/zdev/projects/discord-dashboard/dashboard-client/src/pages/dashboard/[id]/settings.tsx [1ms]
[2022-08-04T03:06:27.040Z] > git cat-file -s ad23d9b0b5f11ca49185d67995399e140cdd8491 [3ms]
[2022-08-04T03:06:32.170Z] > git show --textconv :src/pages/dashboard/[id]/index.tsx [5ms]
[2022-08-04T03:06:32.171Z] > git ls-files --stage -- /home/zdev/projects/discord-dashboard/dashboard-client/src/pages/dashboard/[id]/index.tsx [1ms]
[2022-08-04T03:06:32.174Z] > git cat-file -s e3e1578412505ceb06d3c5182dbeecd8c0cc813d [0ms]
[2022-08-04T03:06:40.717Z] > git show --textconv :src/pages/menu/index.tsx [6ms]
[2022-08-04T03:06:40.718Z] > git ls-files --stage -- /home/zdev/projects/discord-dashboard/dashboard-client/src/pages/menu/index.tsx [2ms]
[2022-08-04T03:06:40.725Z] > git cat-file -s e7c363458c33274c5e80e20de9a6fdcc7f02a683 [1ms]
[2022-08-04T03:06:51.268Z] > git show --textconv :src/pages/dashboard/[id]/index.tsx [8ms]
[2022-08-04T03:06:51.269Z] > git ls-files --stage -- /home/zdev/projects/discord-dashboard/dashboard-client/src/pages/dashboard/[id]/index.tsx [4ms]
[2022-08-04T03:06:51.275Z] > git cat-file -s e3e1578412505ceb06d3c5182dbeecd8c0cc813d [1ms]
[2022-08-04T03:06:52.460Z] > git show --textconv :src/pages/dashboard/[id]/channels.tsx [4ms]
[2022-08-04T03:06:52.460Z] > git ls-files --stage -- /home/zdev/projects/discord-dashboard/dashboard-client/src/pages/dashboard/[id]/channels.tsx [1ms]
[2022-08-04T03:06:52.466Z] > git cat-file -s c2e1f197b823d6514d7493858a897ea9017cd6a6 [1ms]
[2022-08-04T03:06:54.087Z] > git show --textconv :src/pages/dashboard/[id]/settings.tsx [6ms]
[2022-08-04T03:06:54.088Z] > git ls-files --stage -- /home/zdev/projects/discord-dashboard/dashboard-client/src/pages/dashboard/[id]/settings.tsx [2ms]
[2022-08-04T03:06:54.092Z] > git cat-file -s ad23d9b0b5f11ca49185d67995399e140cdd8491 [1ms]
[2022-08-04T03:06:55.943Z] > git show --textconv :src/pages/dashboard/[id]/channels.tsx [4ms]
[2022-08-04T03:06:55.943Z] > git ls-files --stage -- /home/zdev/projects/discord-dashboard/dashboard-client/src/pages/dashboard/[id]/channels.tsx [1ms]
[2022-08-04T03:06:55.947Z] > git cat-file -s c2e1f197b823d6514d7493858a897ea9017cd6a6 [1ms]
[2022-08-04T03:07:03.083Z] > git status -z -uall [2ms]
[2022-08-04T03:07:03.088Z] > git symbolic-ref --short HEAD [1ms]
[2022-08-04T03:07:03.093Z] > git for-each-ref --format=%(refname)%00%(upstream:short)%00%(objectname)%00%(upstream:track)%00%(upstream:remotename)%00%(upstream:remoteref) refs/heads/main refs/remotes/main [1ms]
[2022-08-04T03:07:03.113Z] > git show --textconv :src/pages/dashboard/[id]/index.module.scss [5ms]
[2022-08-04T03:07:03.113Z] > git remote --verbose [10ms]
[2022-08-04T03:07:03.113Z] > git for-each-ref --sort -committerdate --format %(refname) %(objectname) %(*objectname) [14ms]
[2022-08-04T03:07:03.122Z] > git ls-files --stage -- /home/zdev/projects/discord-dashboard/dashboard-client/src/pages/dashboard/[id]/index.module.scss [10ms]
[2022-08-04T03:07:03.130Z] > git cat-file -s 7159c6b45404f1a9e3b745403d0a9ff483bf193a [3ms]
[2022-08-04T03:07:03.132Z] > git config --get commit.template [10ms]
[2022-08-04T03:07:03.971Z] > git show --textconv :src/pages/dashboard/[id]/index.tsx [6ms]
[2022-08-04T03:07:03.971Z] > git ls-files --stage -- /home/zdev/projects/discord-dashboard/dashboard-client/src/pages/dashboard/[id]/index.tsx [1ms]
[2022-08-04T03:07:03.977Z] > git cat-file -s e3e1578412505ceb06d3c5182dbeecd8c0cc813d [1ms]
[2022-08-04T03:07:08.049Z] > git show --textconv :src/pages/dashboard/[id]/settings.tsx [4ms]
[2022-08-04T03:07:08.050Z] > git ls-files --stage -- /home/zdev/projects/discord-dashboard/dashboard-client/src/pages/dashboard/[id]/settings.tsx [1ms]
[2022-08-04T03:07:08.054Z] > git cat-file -s ad23d9b0b5f11ca49185d67995399e140cdd8491 [1ms]
[2022-08-04T03:07:08.352Z] > git status -z -uall [1ms]
[2022-08-04T03:07:08.358Z] > git symbolic-ref --short HEAD [1ms]
[2022-08-04T03:07:08.362Z] > git for-each-ref --format=%(refname)%00%(upstream:short)%00%(objectname)%00%(upstream:track)%00%(upstream:remotename)%00%(upstream:remoteref) refs/heads/main refs/remotes/main [1ms]
[2022-08-04T03:07:08.369Z] > git remote --verbose [1ms]
[2022-08-04T03:07:08.369Z] > git for-each-ref --sort -committerdate --format %(refname) %(objectname) %(*objectname) [3ms]
[2022-08-04T03:07:08.375Z] > git config --get commit.template [1ms]
[2022-08-04T03:07:12.346Z] > git show --textconv :src/pages/_app.tsx [5ms]
[2022-08-04T03:07:12.347Z] > git ls-files --stage -- /home/zdev/projects/discord-dashboard/dashboard-client/src/pages/_app.tsx [1ms]
[2022-08-04T03:07:12.353Z] > git cat-file -s 117948d6e3e9a0c1de7ca5264bcc97b4d1b22667 [1ms]
[2022-08-04T03:07:13.385Z] > git status -z -uall [2ms]
[2022-08-04T03:07:13.393Z] > git symbolic-ref --short HEAD [0ms]
[2022-08-04T03:07:13.401Z] > git for-each-ref --format=%(refname)%00%(upstream:short)%00%(objectname)%00%(upstream:track)%00%(upstream:remotename)%00%(upstream:remoteref) refs/heads/main refs/remotes/main [3ms]
[2022-08-04T03:07:13.414Z] > git remote --verbose [1ms]
[2022-08-04T03:07:13.415Z] > git for-each-ref --sort -committerdate --format %(refname) %(objectname) %(*objectname) [8ms]
[2022-08-04T03:07:13.427Z] > git config --get commit.template [5ms]
[2022-08-04T03:07:14.045Z] > git show --textconv :src/pages/menu/index.tsx [8ms]
[2022-08-04T03:07:14.045Z] > git ls-files --stage -- /home/zdev/projects/discord-dashboard/dashboard-client/src/pages/menu/index.tsx [1ms]
[2022-08-04T03:07:14.052Z] > git cat-file -s e7c363458c33274c5e80e20de9a6fdcc7f02a683 [1ms]
[2022-08-04T03:07:20.009Z] > git show --textconv :src/pages/_app.tsx [8ms]
[2022-08-04T03:07:20.010Z] > git ls-files --stage -- /home/zdev/projects/discord-dashboard/dashboard-client/src/pages/_app.tsx [4ms]
[2022-08-04T03:07:20.018Z] > git cat-file -s 117948d6e3e9a0c1de7ca5264bcc97b4d1b22667 [2ms]
[2022-08-04T03:07:32.613Z] > git check-ignore -v -z --stdin [1ms]
[2022-08-04T03:07:36.725Z] > git show --textconv :src/pages/index.tsx [4ms]
[2022-08-04T03:07:36.726Z] > git ls-files --stage -- /home/zdev/projects/discord-dashboard/dashboard-client/src/pages/index.tsx [1ms]
[2022-08-04T03:07:36.730Z] > git cat-file -s e87facbba9940533113d1d08d3b801a7ec7812b3 [1ms]
[2022-08-04T03:07:54.921Z] > git show --textconv :src/utils/api.ts [4ms]
[2022-08-04T03:07:54.921Z] > git ls-files --stage -- /home/zdev/projects/discord-dashboard/dashboard-client/src/utils/api.ts [0ms]
[2022-08-04T03:07:54.926Z] > git cat-file -s 6e8557b3f91d57a47204938cbbfae041800b2265 [1ms]
[2022-08-04T03:08:05.693Z] > git fetch [606ms]
[2022-08-04T03:08:05.698Z] > git fetch [581ms]
[2022-08-04T03:08:05.701Z] > git status -z -uall [3ms]
[2022-08-04T03:08:05.705Z] > git symbolic-ref --short HEAD [1ms]
[2022-08-04T03:08:05.710Z] > git status -z -uall [10ms]
[2022-08-04T03:08:05.714Z] > git symbolic-ref --short HEAD [1ms]
[2022-08-04T03:08:05.718Z] > git for-each-ref --format=%(refname)%00%(upstream:short)%00%(objectname)%00%(upstream:track)%00%(upstream:remotename)%00%(upstream:remoteref) refs/heads/main refs/remotes/main [9ms]
[2022-08-04T03:08:05.727Z] > git remote --verbose [1ms]
[2022-08-04T03:08:05.727Z] > git for-each-ref --sort -committerdate --format %(refname) %(objectname) %(*objectname) [4ms]
[2022-08-04T03:08:05.729Z] > git for-each-ref --format=%(refname)%00%(upstream:short)%00%(objectname)%00%(upstream:track)%00%(upstream:remotename)%00%(upstream:remoteref) refs/heads/master refs/remotes/master [11ms]
[2022-08-04T03:08:05.744Z] > git remote --verbose [7ms]
[2022-08-04T03:08:05.744Z] > git for-each-ref --sort -committerdate --format %(refname) %(objectname) %(*objectname) [11ms]
[2022-08-04T03:08:05.753Z] > git config --get commit.template [10ms]
[2022-08-04T03:08:05.755Z] > git config --get commit.template [3ms]
[2022-08-04T03:08:06.775Z] > git status -z -uall [3ms]
[2022-08-04T03:08:06.778Z] > git symbolic-ref --short HEAD [0ms]
[2022-08-04T03:08:06.783Z] > git status -z -uall [9ms]
[2022-08-04T03:08:06.786Z] > git for-each-ref --format=%(refname)%00%(upstream:short)%00%(objectname)%00%(upstream:track)%00%(upstream:remotename)%00%(upstream:remoteref) refs/heads/main refs/remotes/main [4ms]
[2022-08-04T03:08:06.793Z] > git remote --verbose [1ms]
[2022-08-04T03:08:06.794Z] > git for-each-ref --sort -committerdate --format %(refname) %(objectname) %(*objectname) [4ms]
[2022-08-04T03:08:06.795Z] > git symbolic-ref --short HEAD [9ms]
[2022-08-04T03:08:06.803Z] > git for-each-ref --format=%(refname)%00%(upstream:short)%00%(objectname)%00%(upstream:track)%00%(upstream:remotename)%00%(upstream:remoteref) refs/heads/master refs/remotes/master [4ms]
[2022-08-04T03:08:06.810Z] > git remote --verbose [1ms]
[2022-08-04T03:08:06.810Z] > git for-each-ref --sort -committerdate --format %(refname) %(objectname) %(*objectname) [4ms]
[2022-08-04T03:08:06.812Z] > git config --get commit.template [10ms]
[2022-08-04T03:08:06.821Z] > git config --get commit.template [1ms]
[2022-08-04T03:08:06.971Z] > git ls-files --stage -- /home/zdev/projects/discord-dashboard/dashboard-client/src/utils/api.ts [0ms]
[2022-08-04T03:08:06.979Z] > git cat-file -s 6e8557b3f91d57a47204938cbbfae041800b2265 [1ms]
[2022-08-04T03:08:07.052Z] > git show --textconv :src/utils/api.ts [1ms]
[2022-08-04T03:08:17.266Z] > git status -z -uall [3ms]
[2022-08-04T03:08:17.276Z] > git symbolic-ref --short HEAD [1ms]
[2022-08-04T03:08:17.288Z] > git for-each-ref --format=%(refname)%00%(upstream:short)%00%(objectname)%00%(upstream:track)%00%(upstream:remotename)%00%(upstream:remoteref) refs/heads/main refs/remotes/main [3ms]
[2022-08-04T03:08:17.305Z] > git for-each-ref --sort -committerdate --format %(refname) %(objectname) %(*objectname) [9ms]
[2022-08-04T03:08:17.307Z] > git remote --verbose [6ms]
[2022-08-04T03:08:17.329Z] > git config --get commit.template [7ms]
[2022-08-04T03:08:22.340Z] > git status -z -uall [1ms]
[2022-08-04T03:08:22.347Z] > git symbolic-ref --short HEAD [1ms]
[2022-08-04T03:08:22.354Z] > git for-each-ref --format=%(refname)%00%(upstream:short)%00%(objectname)%00%(upstream:track)%00%(upstream:remotename)%00%(upstream:remoteref) refs/heads/main refs/remotes/main [1ms]
[2022-08-04T03:08:22.362Z] > git for-each-ref --sort -committerdate --format %(refname) %(objectname) %(*objectname) [4ms]
[2022-08-04T03:08:22.363Z] > git remote --verbose [2ms]
[2022-08-04T03:08:22.370Z] > git config --get commit.template [1ms]
[2022-08-04T03:08:27.904Z] > git status -z -uall [1ms]
[2022-08-04T03:08:27.908Z] > git symbolic-ref --short HEAD [1ms]
[2022-08-04T03:08:27.912Z] > git for-each-ref --format=%(refname)%00%(upstream:short)%00%(objectname)%00%(upstream:track)%00%(upstream:remotename)%00%(upstream:remoteref) refs/heads/main refs/remotes/main [1ms]
[2022-08-04T03:08:27.919Z] > git for-each-ref --sort -committerdate --format %(refname) %(objectname) %(*objectname) [4ms]
[2022-08-04T03:08:27.919Z] > git remote --verbose [2ms]
[2022-08-04T03:08:27.925Z] > git config --get commit.template [1ms]
[2022-08-04T03:08:34.332Z] > git status -z -uall [2ms]
[2022-08-04T03:08:34.344Z] > git symbolic-ref --short HEAD [2ms]
[2022-08-04T03:08:34.353Z] > git for-each-ref --format=%(refname)%00%(upstream:short)%00%(objectname)%00%(upstream:track)%00%(upstream:remotename)%00%(upstream:remoteref) refs/heads/main refs/remotes/main [2ms]
[2022-08-04T03:08:34.372Z] > git remote --verbose [1ms]
[2022-08-04T03:08:34.372Z] > git for-each-ref --sort -committerdate --format %(refname) %(objectname) %(*objectname) [10ms]
[2022-08-04T03:08:34.383Z] > git config --get commit.template [1ms]
[2022-08-04T03:08:43.393Z] > git status -z -uall [2ms]
[2022-08-04T03:08:43.402Z] > git symbolic-ref --short HEAD [1ms]
[2022-08-04T03:08:43.410Z] > git for-each-ref --format=%(refname)%00%(upstream:short)%00%(objectname)%00%(upstream:track)%00%(upstream:remotename)%00%(upstream:remoteref) refs/heads/main refs/remotes/main [1ms]
[2022-08-04T03:08:43.426Z] > git remote --verbose [1ms]
[2022-08-04T03:08:43.426Z] > git for-each-ref --sort -committerdate --format %(refname) %(objectname) %(*objectname) [7ms]
[2022-08-04T03:08:43.436Z] > git config --get commit.template [1ms]
[2022-08-04T03:08:58.534Z] > git status -z -uall [3ms]
[2022-08-04T03:08:58.551Z] > git symbolic-ref --short HEAD [7ms]
[2022-08-04T03:08:58.568Z] > git for-each-ref --format=%(refname)%00%(upstream:short)%00%(objectname)%00%(upstream:track)%00%(upstream:remotename)%00%(upstream:remoteref) refs/heads/main refs/remotes/main [4ms]
[2022-08-04T03:08:58.583Z] > git for-each-ref --sort -committerdate --format %(refname) %(objectname) %(*objectname) [8ms]
[2022-08-04T03:08:58.584Z] > git remote --verbose [4ms]
[2022-08-04T03:08:58.593Z] > git config --get commit.template [2ms]
[2022-08-04T03:09:22.363Z] > git status -z -uall [8ms]
[2022-08-04T03:09:22.377Z] > git symbolic-ref --short HEAD [4ms]
[2022-08-04T03:09:22.388Z] > git for-each-ref --format=%(refname)%00%(upstream:short)%00%(objectname)%00%(upstream:track)%00%(upstream:remotename)%00%(upstream:remoteref) refs/heads/main refs/remotes/main [3ms]
[2022-08-04T03:09:22.423Z] > git remote --verbose [4ms]
[2022-08-04T03:09:22.423Z] > git for-each-ref --sort -committerdate --format %(refname) %(objectname) %(*objectname) [22ms]
[2022-08-04T03:09:22.438Z] > git config --get commit.template [2ms]
[2022-08-04T03:09:27.446Z] > git status -z -uall [2ms]
[2022-08-04T03:09:27.452Z] > git symbolic-ref --short HEAD [1ms]
[2022-08-04T03:09:27.457Z] > git for-each-ref --format=%(refname)%00%(upstream:short)%00%(objectname)%00%(upstream:track)%00%(upstream:remotename)%00%(upstream:remoteref) refs/heads/main refs/remotes/main [0ms]
[2022-08-04T03:09:27.466Z] > git remote --verbose [1ms]
[2022-08-04T03:09:27.466Z] > git for-each-ref --sort -committerdate --format %(refname) %(objectname) %(*objectname) [4ms]
[2022-08-04T03:09:27.473Z] > git config --get commit.template [1ms]
[2022-08-04T03:09:54.544Z] > git show --textconv :src/pages/dashboard/[id]/settings.tsx [5ms]
[2022-08-04T03:09:54.545Z] > git ls-files --stage -- /home/zdev/projects/discord-dashboard/dashboard-client/src/pages/dashboard/[id]/settings.tsx [1ms]
[2022-08-04T03:09:54.550Z] > git cat-file -s ad23d9b0b5f11ca49185d67995399e140cdd8491 [1ms]
[2022-08-04T03:09:56.547Z] > git show --textconv :src/pages/index.tsx [5ms]
[2022-08-04T03:09:56.548Z] > git ls-files --stage -- /home/zdev/projects/discord-dashboard/dashboard-client/src/pages/index.tsx [1ms]
[2022-08-04T03:09:56.553Z] > git cat-file -s e87facbba9940533113d1d08d3b801a7ec7812b3 [1ms]
[2022-08-04T03:10:04.381Z] > git status -z -uall [2ms]
[2022-08-04T03:10:04.388Z] > git symbolic-ref --short HEAD [0ms]
[2022-08-04T03:10:04.396Z] > git for-each-ref --format=%(refname)%00%(upstream:short)%00%(objectname)%00%(upstream:track)%00%(upstream:remotename)%00%(upstream:remoteref) refs/heads/main refs/remotes/main [1ms]
[2022-08-04T03:10:04.410Z] > git remote --verbose [1ms]
[2022-08-04T03:10:04.410Z] > git for-each-ref --sort -committerdate --format %(refname) %(objectname) %(*objectname) [7ms]
[2022-08-04T03:10:04.421Z] > git config --get commit.template [1ms]
[2022-08-04T03:10:09.430Z] > git status -z -uall [1ms]
[2022-08-04T03:10:09.435Z] > git symbolic-ref --short HEAD [1ms]
[2022-08-04T03:10:09.439Z] > git for-each-ref --format=%(refname)%00%(upstream:short)%00%(objectname)%00%(upstream:track)%00%(upstream:remotename)%00%(upstream:remoteref) refs/heads/main refs/remotes/main [1ms]
[2022-08-04T03:10:09.445Z] > git remote --verbose [1ms]
[2022-08-04T03:10:09.445Z] > git for-each-ref --sort -committerdate --format %(refname) %(objectname) %(*objectname) [3ms]
[2022-08-04T03:10:09.451Z] > git config --get commit.template [1ms]
[2022-08-04T03:10:14.460Z] > git status -z -uall [1ms]
[2022-08-04T03:10:14.467Z] > git symbolic-ref --short HEAD [2ms]
[2022-08-04T03:10:14.471Z] > git for-each-ref --format=%(refname)%00%(upstream:short)%00%(objectname)%00%(upstream:track)%00%(upstream:remotename)%00%(upstream:remoteref) refs/heads/main refs/remotes/main [1ms]
[2022-08-04T03:10:14.478Z] > git remote --verbose [1ms]
[2022-08-04T03:10:14.478Z] > git for-each-ref --sort -committerdate --format %(refname) %(objectname) %(*objectname) [4ms]
[2022-08-04T03:10:14.485Z] > git config --get commit.template [1ms]
[2022-08-04T03:11:06.368Z] > git fetch [609ms]
[2022-08-04T03:11:06.375Z] > git status -z -uall [1ms]
[2022-08-04T03:11:06.382Z] > git symbolic-ref --short HEAD [1ms]
[2022-08-04T03:11:06.387Z] > git fetch [622ms]
[2022-08-04T03:11:06.390Z] > git for-each-ref --format=%(refname)%00%(upstream:short)%00%(objectname)%00%(upstream:track)%00%(upstream:remotename)%00%(upstream:remoteref) refs/heads/main refs/remotes/main [3ms]
[2022-08-04T03:11:06.399Z] > git status -z -uall [9ms]
[2022-08-04T03:11:06.403Z] > git remote --verbose [5ms]
[2022-08-04T03:11:06.403Z] > git for-each-ref --sort -committerdate --format %(refname) %(objectname) %(*objectname) [8ms]
[2022-08-04T03:11:06.412Z] > git symbolic-ref --short HEAD [9ms]
[2022-08-04T03:11:06.418Z] > git config --get commit.template [7ms]
[2022-08-04T03:11:06.419Z] > git for-each-ref --format=%(refname)%00%(upstream:short)%00%(objectname)%00%(upstream:track)%00%(upstream:remotename)%00%(upstream:remoteref) refs/heads/master refs/remotes/master [2ms]
[2022-08-04T03:11:06.430Z] > git for-each-ref --sort -committerdate --format %(refname) %(objectname) %(*objectname) [6ms]
[2022-08-04T03:11:06.430Z] > git remote --verbose [1ms]
[2022-08-04T03:11:06.439Z] > git config --get commit.template [1ms]
[2022-08-04T03:11:07.447Z] > git status -z -uall [1ms]
[2022-08-04T03:11:07.452Z] > git symbolic-ref --short HEAD [0ms]
[2022-08-04T03:11:07.457Z] > git for-each-ref --format=%(refname)%00%(upstream:short)%00%(objectname)%00%(upstream:track)%00%(upstream:remotename)%00%(upstream:remoteref) refs/heads/main refs/remotes/main [0ms]
[2022-08-04T03:11:07.465Z] > git remote --verbose [1ms]
[2022-08-04T03:11:07.466Z] > git for-each-ref --sort -committerdate --format %(refname) %(objectname) %(*objectname) [5ms]
[2022-08-04T03:11:07.478Z] > git config --get commit.template [0ms]
[2022-08-04T03:11:07.555Z] > git ls-files --stage -- /home/zdev/projects/discord-dashboard/dashboard-client/src/pages/index.tsx [1ms]
[2022-08-04T03:11:07.560Z] > git cat-file -s e87facbba9940533113d1d08d3b801a7ec7812b3 [0ms]
[2022-08-04T03:11:07.580Z] > git show --textconv :src/pages/index.tsx [1ms]
[2022-08-04T03:11:12.661Z] > git status -z -uall [2ms]
[2022-08-04T03:11:12.665Z] > git symbolic-ref --short HEAD [1ms]
[2022-08-04T03:11:12.669Z] > git for-each-ref --format=%(refname)%00%(upstream:short)%00%(objectname)%00%(upstream:track)%00%(upstream:remotename)%00%(upstream:remoteref) refs/heads/main refs/remotes/main [1ms]
[2022-08-04T03:11:12.676Z] > git remote --verbose [1ms]
[2022-08-04T03:11:12.676Z] > git for-each-ref --sort -committerdate --format %(refname) %(objectname) %(*objectname) [4ms]
[2022-08-04T03:11:12.682Z] > git config --get commit.template [1ms]
[2022-08-04T03:12:40.968Z] > git show --textconv :src/utils/api.ts [6ms]
[2022-08-04T03:12:40.968Z] > git ls-files --stage -- /home/zdev/projects/discord-dashboard/dashboard-client/src/utils/api.ts [1ms]
[2022-08-04T03:12:40.973Z] > git cat-file -s 6e8557b3f91d57a47204938cbbfae041800b2265 [1ms]
[2022-08-04T03:13:09.622Z] > git rev-parse --show-toplevel [2ms]
[2022-08-04T03:13:09.622Z] fatal: not a git repository (or any of the parent directories): .git
[2022-08-04T03:13:09.657Z] > git rev-parse --show-toplevel [1ms]
[2022-08-04T03:13:09.657Z] fatal: not a git repository (or any of the parent directories): .git
[2022-08-04T03:13:09.723Z] > git rev-parse --show-toplevel [1ms]
[2022-08-04T03:13:09.723Z] fatal: not a git repository (or any of the parent directories): .git
[2022-08-04T03:13:14.191Z] > git rev-parse --show-toplevel [3678ms]
[2022-08-04T03:13:14.191Z] fatal: not a git repository (or any of the parent directories): .git
[2022-08-04T03:13:14.204Z] > git rev-parse --show-toplevel [5ms]
[2022-08-04T03:13:14.204Z] fatal: not a git repository (or any of the parent directories): .git
[2022-08-04T03:13:14.224Z] > git rev-parse --show-toplevel [2ms]
[2022-08-04T03:13:14.224Z] fatal: not a git repository (or any of the parent directories): .git
[2022-08-04T03:13:14.240Z] > git rev-parse --show-toplevel [9ms]
[2022-08-04T03:13:14.240Z] fatal: not a git repository (or any of the parent directories): .git
[2022-08-04T03:13:14.250Z] > git rev-parse --show-toplevel [2ms]
[2022-08-04T03:13:14.250Z] fatal: not a git repository (or any of the parent directories): .git
[2022-08-04T04:27:19.525Z] > git rev-parse --show-toplevel [208ms]
[2022-08-04T04:27:19.525Z] fatal: not a git repository (or any of the parent directories): .git
[2022-08-04T04:27:19.533Z] > git rev-parse --show-toplevel [2ms]
[2022-08-04T04:27:19.533Z] fatal: not a git repository (or any of the parent directories): .git
[2022-08-04T04:27:19.541Z] > git rev-parse --show-toplevel [4ms]
[2022-08-04T04:27:19.541Z] fatal: not a git repository (or any of the parent directories): .git
[2022-08-04T04:27:19.549Z] > git rev-parse --show-toplevel [3ms]
[2022-08-04T04:27:19.549Z] fatal: not a git repository (or any of the parent directories): .git
[2022-08-04T04:27:19.565Z] > git rev-parse --show-toplevel [10ms]
[2022-08-04T04:27:19.565Z] fatal: not a git repository (or any of the parent directories): .git
[2022-08-04T04:27:19.571Z] > git rev-parse --show-toplevel [2ms]
[2022-08-04T04:27:19.571Z] fatal: not a git repository (or any of the parent directories): .git
[2022-08-04T04:27:19.704Z] > git rev-parse --show-toplevel [129ms]
[2022-08-04T04:27:19.704Z] fatal: not a git repository (or any of the parent directories): .git
[2022-08-04T04:27:19.711Z] > git rev-parse --show-toplevel [3ms]
[2022-08-04T04:27:19.711Z] fatal: not a git repository (or any of the parent directories): .git
[2022-08-04T04:27:19.762Z] > git rev-parse --show-toplevel [48ms]
[2022-08-04T04:27:19.762Z] fatal: not a git repository (or any of the parent directories): .git
[2022-08-04T04:27:19.766Z] > git rev-parse --show-toplevel [1ms]
[2022-08-04T04:27:19.766Z] fatal: not a git repository (or any of the parent directories): .git
[2022-08-04T04:27:19.782Z] > git rev-parse --show-toplevel [12ms]
[2022-08-04T04:27:19.782Z] fatal: not a git repository (or any of the parent directories): .git
[2022-08-04T04:27:19.796Z] > git rev-parse --show-toplevel [11ms]
[2022-08-04T04:27:19.796Z] fatal: not a git repository (or any of the parent directories): .git
[2022-08-04T04:27:19.804Z] > git rev-parse --show-toplevel [5ms]
[2022-08-04T04:27:19.804Z] fatal: not a git repository (or any of the parent directories): .git
[2022-08-04T04:27:19.807Z] > git rev-parse --show-toplevel [0ms]
[2022-08-04T04:27:19.807Z] fatal: not a git repository (or any of the parent directories): .git
[2022-08-04T04:27:19.833Z] > git rev-parse --show-toplevel [23ms]
[2022-08-04T04:27:19.833Z] fatal: not a git repository (or any of the parent directories): .git
[2022-08-04T04:27:19.843Z] > git rev-parse --show-toplevel [6ms]
[2022-08-04T04:27:19.843Z] fatal: not a git repository (or any of the parent directories): .git
[2022-08-04T04:27:19.861Z] > git rev-parse --show-toplevel [14ms]
[2022-08-04T04:27:19.861Z] fatal: not a git repository (or any of the parent directories): .git
[2022-08-04T04:27:19.873Z] > git rev-parse --show-toplevel [8ms]
[2022-08-04T04:27:19.873Z] fatal: not a git repository (or any of the parent directories): .git
[2022-08-04T04:27:19.879Z] > git rev-parse --show-toplevel [2ms]
[2022-08-04T04:27:19.879Z] fatal: not a git repository (or any of the parent directories): .git
[2022-08-04T04:27:19.886Z] > git rev-parse --show-toplevel [4ms]
[2022-08-04T04:27:19.886Z] fatal: not a git repository (or any of the parent directories): .git
[2022-08-04T04:27:19.891Z] > git rev-parse --show-toplevel [2ms]
[2022-08-04T04:27:19.891Z] fatal: not a git repository (or any of the parent directories): .git
