[2022-09-05T07:44:16.025Z] Log level: Info
[2022-09-05T07:44:16.033Z] [info] Validating found git in: git
[2022-09-05T07:44:16.064Z] [info] Using git 2.25.1 from git
[2022-09-05T07:44:16.643Z] > git rev-parse --show-toplevel [567ms]
[2022-09-05T07:44:16.644Z] fatal: not a git repository (or any of the parent directories): .git
[2022-09-05T07:44:16.657Z] > git rev-parse --show-toplevel [5ms]
[2022-09-05T07:44:16.688Z] > git rev-parse --git-dir --git-common-dir [24ms]
[2022-09-05T07:44:16.697Z] [info] Open repository: /home/zdev/projects/discord-dashboard/dashboard-client
[2022-09-05T07:44:16.714Z] > git status -z -uall [8ms]
[2022-09-05T07:44:16.723Z] > git symbolic-ref --short HEAD [2ms]
[2022-09-05T07:44:16.729Z] > git rev-parse --show-toplevel [17ms]
[2022-09-05T07:44:16.739Z] > git for-each-ref --format=%(refname)%00%(upstream:short)%00%(objectname)%00%(upstream:track)%00%(upstream:remotename)%00%(upstream:remoteref) refs/heads/main refs/remotes/main [11ms]
[2022-09-05T07:44:16.748Z] > git remote --verbose [1ms]
[2022-09-05T07:44:16.748Z] > git for-each-ref --sort -committerdate --format %(refname) %(objectname) %(*objectname) [5ms]
[2022-09-05T07:44:16.753Z] > git rev-parse --git-dir --git-common-dir [19ms]
[2022-09-05T07:44:16.756Z] [info] Open repository: /home/zdev/projects/discord-dashboard/dashboard-api
[2022-09-05T07:44:16.800Z] > git status -z -uall [38ms]
[2022-09-05T07:44:16.805Z] > git rev-parse --show-toplevel [36ms]
[2022-09-05T07:44:16.805Z] fatal: not a git repository (or any of the parent directories): .git
[2022-09-05T07:44:16.826Z] > git rev-parse --show-toplevel [17ms]
[2022-09-05T07:44:16.826Z] fatal: not a git repository (or any of the parent directories): .git
[2022-09-05T07:44:16.830Z] > git symbolic-ref --short HEAD [25ms]
[2022-09-05T07:44:16.834Z] > git config --get commit.template [60ms]
[2022-09-05T07:44:16.845Z] > git status -z -uall [7ms]
[2022-09-05T07:44:16.849Z] > git for-each-ref --format=%(refname)%00%(upstream:short)%00%(objectname)%00%(upstream:track)%00%(upstream:remotename)%00%(upstream:remoteref) refs/heads/master refs/remotes/master [15ms]
[2022-09-05T07:44:16.855Z] > git rev-parse --show-toplevel [25ms]
[2022-09-05T07:44:16.855Z] fatal: not a git repository (or any of the parent directories): .git
[2022-09-05T07:44:16.865Z] > git rev-parse --show-toplevel [6ms]
[2022-09-05T07:44:16.865Z] fatal: not a git repository (or any of the parent directories): .git
[2022-09-05T07:44:16.865Z] > git remote --verbose [10ms]
[2022-09-05T07:44:16.866Z] > git for-each-ref --sort -committerdate --format %(refname) %(objectname) %(*objectname) [14ms]
[2022-09-05T07:44:16.868Z] > git symbolic-ref --short HEAD [20ms]
[2022-09-05T07:44:16.883Z] > git for-each-ref --format=%(refname)%00%(upstream:short)%00%(objectname)%00%(upstream:track)%00%(upstream:remotename)%00%(upstream:remoteref) refs/heads/main refs/remotes/main [12ms]
[2022-09-05T07:44:16.891Z] > git remote --verbose [1ms]
[2022-09-05T07:44:16.892Z] > git for-each-ref --sort -committerdate --format %(refname) %(objectname) %(*objectname) [6ms]
[2022-09-05T07:44:16.894Z] > git config --get commit.template [13ms]
[2022-09-05T07:44:16.923Z] > git status -z -uall [25ms]
[2022-09-05T07:44:16.927Z] > git config --get commit.template [22ms]
[2022-09-05T07:44:16.937Z] > git symbolic-ref --short HEAD [11ms]
[2022-09-05T07:44:16.957Z] > git for-each-ref --format=%(refname)%00%(upstream:short)%00%(objectname)%00%(upstream:track)%00%(upstream:remotename)%00%(upstream:remoteref) refs/heads/master refs/remotes/master [17ms]
[2022-09-05T07:44:16.969Z] > git remote --verbose [7ms]
[2022-09-05T07:44:16.970Z] > git for-each-ref --sort -committerdate --format %(refname) %(objectname) %(*objectname) [10ms]
[2022-09-05T07:44:16.982Z] > git config --get commit.template [5ms]
[2022-09-05T07:44:17.339Z] > git check-ignore -v -z --stdin [13ms]
[2022-09-05T07:44:17.341Z] > git check-ignore -v -z --stdin [7ms]
[2022-09-05T07:44:17.360Z] > git show --textconv :src/utils/api.ts [7ms]
[2022-09-05T07:44:17.361Z] > git ls-files --stage -- /home/zdev/projects/discord-dashboard/dashboard-client/src/utils/api.ts [2ms]
[2022-09-05T07:44:17.367Z] > git cat-file -s 6e8557b3f91d57a47204938cbbfae041800b2265 [1ms]
[2022-09-05T07:52:58.630Z] > git fetch [492ms]
[2022-09-05T07:52:58.633Z] > git status -z -uall [1ms]
[2022-09-05T07:52:58.636Z] > git symbolic-ref --short HEAD [1ms]
[2022-09-05T07:52:58.638Z] > git for-each-ref --format=%(refname)%00%(upstream:short)%00%(objectname)%00%(upstream:track)%00%(upstream:remotename)%00%(upstream:remoteref) refs/heads/main refs/remotes/main [0ms]
[2022-09-05T07:52:58.643Z] > git remote --verbose [1ms]
[2022-09-05T07:52:58.643Z] > git for-each-ref --sort -committerdate --format %(refname) %(objectname) %(*objectname) [2ms]
[2022-09-05T07:52:58.647Z] > git config --get commit.template [0ms]
[2022-09-05T07:52:58.656Z] > git fetch [515ms]
[2022-09-05T07:52:58.663Z] > git status -z -uall [4ms]
[2022-09-05T07:52:58.667Z] > git symbolic-ref --short HEAD [1ms]
[2022-09-05T07:52:58.670Z] > git for-each-ref --format=%(refname)%00%(upstream:short)%00%(objectname)%00%(upstream:track)%00%(upstream:remotename)%00%(upstream:remoteref) refs/heads/master refs/remotes/master [1ms]
[2022-09-05T07:52:58.674Z] > git for-each-ref --sort -committerdate --format %(refname) %(objectname) %(*objectname) [3ms]
[2022-09-05T07:52:58.674Z] > git remote --verbose [1ms]
[2022-09-05T07:52:58.677Z] > git config --get commit.template [0ms]
[2022-09-05T07:52:59.715Z] > git status -z -uall [2ms]
[2022-09-05T07:52:59.718Z] > git symbolic-ref --short HEAD [0ms]
[2022-09-05T07:52:59.721Z] > git status -z -uall [6ms]
[2022-09-05T07:52:59.723Z] > git for-each-ref --format=%(refname)%00%(upstream:short)%00%(objectname)%00%(upstream:track)%00%(upstream:remotename)%00%(upstream:remoteref) refs/heads/main refs/remotes/main [3ms]
[2022-09-05T07:52:59.728Z] > git remote --verbose [1ms]
[2022-09-05T07:52:59.728Z] > git for-each-ref --sort -committerdate --format %(refname) %(objectname) %(*objectname) [3ms]
[2022-09-05T07:52:59.729Z] > git symbolic-ref --short HEAD [6ms]
[2022-09-05T07:52:59.733Z] > git for-each-ref --format=%(refname)%00%(upstream:short)%00%(objectname)%00%(upstream:track)%00%(upstream:remotename)%00%(upstream:remoteref) refs/heads/master refs/remotes/master [2ms]
[2022-09-05T07:52:59.737Z] > git for-each-ref --sort -committerdate --format %(refname) %(objectname) %(*objectname) [2ms]
[2022-09-05T07:52:59.738Z] > git config --get commit.template [5ms]
[2022-09-05T07:52:59.738Z] > git remote --verbose [1ms]
[2022-09-05T07:52:59.742Z] > git config --get commit.template [0ms]
[2022-09-05T07:52:59.817Z] > git ls-files --stage -- /home/zdev/projects/discord-dashboard/dashboard-client/src/utils/api.ts [0ms]
[2022-09-05T07:52:59.820Z] > git cat-file -s 6e8557b3f91d57a47204938cbbfae041800b2265 [1ms]
[2022-09-05T07:52:59.831Z] > git show --textconv :src/utils/api.ts [3ms]
[2022-09-05T07:53:07.393Z] > git rev-parse --show-toplevel [7ms]
[2022-09-05T07:53:07.393Z] fatal: not a git repository (or any of the parent directories): .git
[2022-09-05T07:53:07.398Z] > git rev-parse --show-toplevel [2ms]
[2022-09-05T07:53:07.398Z] fatal: not a git repository (or any of the parent directories): .git
[2022-09-05T07:53:10.746Z] > git show --textconv HEAD:src/components/channels/channelItem/ChannelItem.tsx [4ms]
[2022-09-05T07:53:10.747Z] > git ls-tree -l HEAD -- /home/zdev/projects/discord-dashboard/dashboard-client/src/components/channels/channelItem/ChannelItem.tsx [2ms]
[2022-09-05T07:53:11.249Z] > git check-ignore -v -z --stdin [0ms]
[2022-09-05T07:53:15.262Z] > git add -A -- /home/zdev/projects/discord-dashboard/dashboard-client/src/components/channels/channelItem/ChannelItem.tsx [2ms]
[2022-09-05T07:53:15.267Z] > git status -z -uall [1ms]
[2022-09-05T07:53:15.270Z] > git symbolic-ref --short HEAD [0ms]
[2022-09-05T07:53:15.274Z] > git for-each-ref --format=%(refname)%00%(upstream:short)%00%(objectname)%00%(upstream:track)%00%(upstream:remotename)%00%(upstream:remoteref) refs/heads/main refs/remotes/main [1ms]
[2022-09-05T07:53:15.278Z] > git remote --verbose [1ms]
[2022-09-05T07:53:15.279Z] > git for-each-ref --sort -committerdate --format %(refname) %(objectname) %(*objectname) [3ms]
[2022-09-05T07:53:15.283Z] > git config --get commit.template [1ms]
[2022-09-05T07:53:16.198Z] > git add -A -- /home/zdev/projects/discord-dashboard/dashboard-client/src/pages/dashboard/[id]/channels.tsx /home/zdev/projects/discord-dashboard/dashboard-client/src/pages/dashboard/[id]/index.tsx /home/zdev/projects/discord-dashboard/dashboard-client/src/pages/dashboard/[id]/settings.tsx /home/zdev/projects/discord-dashboard/dashboard-client/src/utils/api.ts [2ms]
[2022-09-05T07:53:16.203Z] > git status -z -uall [1ms]
[2022-09-05T07:53:16.206Z] > git symbolic-ref --short HEAD [0ms]
[2022-09-05T07:53:16.209Z] > git for-each-ref --format=%(refname)%00%(upstream:short)%00%(objectname)%00%(upstream:track)%00%(upstream:remotename)%00%(upstream:remoteref) refs/heads/main refs/remotes/main [1ms]
[2022-09-05T07:53:16.214Z] > git remote --verbose [1ms]
[2022-09-05T07:53:16.214Z] > git for-each-ref --sort -committerdate --format %(refname) %(objectname) %(*objectname) [3ms]
[2022-09-05T07:53:16.218Z] > git config --get commit.template [0ms]
[2022-09-05T07:53:17.287Z] > git status -z -uall [1ms]
[2022-09-05T07:53:17.290Z] > git symbolic-ref --short HEAD [0ms]
[2022-09-05T07:53:17.294Z] > git for-each-ref --format=%(refname)%00%(upstream:short)%00%(objectname)%00%(upstream:track)%00%(upstream:remotename)%00%(upstream:remoteref) refs/heads/main refs/remotes/main [1ms]
[2022-09-05T07:53:17.299Z] > git remote --verbose [1ms]
[2022-09-05T07:53:17.299Z] > git for-each-ref --sort -committerdate --format %(refname) %(objectname) %(*objectname) [3ms]
[2022-09-05T07:53:17.304Z] > git config --get commit.template [1ms]
[2022-09-05T07:53:17.393Z] > git ls-files --stage -- /home/zdev/projects/discord-dashboard/dashboard-client/src/components/channels/channelItem/ChannelItem.tsx [1ms]
[2022-09-05T07:53:17.396Z] > git cat-file -s 10122a78bf9c3b1c2d81ea3006a03fd761643037 [0ms]
[2022-09-05T07:53:17.407Z] > git show --textconv :src/components/channels/channelItem/ChannelItem.tsx [1ms]
[2022-09-05T07:53:22.309Z] > git status -z -uall [1ms]
[2022-09-05T07:53:22.312Z] > git symbolic-ref --short HEAD [0ms]
[2022-09-05T07:53:22.315Z] > git for-each-ref --format=%(refname)%00%(upstream:short)%00%(objectname)%00%(upstream:track)%00%(upstream:remotename)%00%(upstream:remoteref) refs/heads/main refs/remotes/main [0ms]
[2022-09-05T07:53:22.320Z] > git remote --verbose [0ms]
[2022-09-05T07:53:22.321Z] > git for-each-ref --sort -committerdate --format %(refname) %(objectname) %(*objectname) [3ms]
[2022-09-05T07:53:22.325Z] > git config --get commit.template [1ms]
[2022-09-05T07:53:40.952Z] > git -c user.useConfigOnly=true commit --quiet --allow-empty-message --file - [3ms]
[2022-09-05T07:53:40.952Z] 
*** Please tell me who you are.

Run

  git config --global user.email "you@example.com"
  git config --global user.name "Your Name"

to set your account's default identity.
Omit --global to set the identity only in this repository.

fatal: no email was given and auto-detection is disabled
[2022-09-05T07:53:40.955Z] > git config --get-all user.name [1ms]
[2022-09-05T07:53:47.383Z] > git ls-files --stage -- /home/zdev/projects/discord-dashboard/dashboard-client/src/components/channels/channelItem/ChannelItem.tsx [5ms]
[2022-09-05T07:53:47.387Z] > git status -z -uall [5ms]
[2022-09-05T07:53:47.395Z] > git cat-file -s 10122a78bf9c3b1c2d81ea3006a03fd761643037 [8ms]
[2022-09-05T07:53:47.396Z] > git ls-files --stage -- /home/zdev/projects/discord-dashboard/dashboard-client/src/components/channels/channelItem/ChannelItem.tsx [1ms]
[2022-09-05T07:53:47.399Z] > git symbolic-ref --short HEAD [8ms]
[2022-09-05T07:53:47.401Z] > git cat-file -s 10122a78bf9c3b1c2d81ea3006a03fd761643037 [2ms]
[2022-09-05T07:53:47.402Z] > git for-each-ref --format=%(refname)%00%(upstream:short)%00%(objectname)%00%(upstream:track)%00%(upstream:remotename)%00%(upstream:remoteref) refs/heads/main refs/remotes/main [1ms]
[2022-09-05T07:53:47.407Z] > git remote --verbose [1ms]
[2022-09-05T07:53:47.407Z] > git for-each-ref --sort -committerdate --format %(refname) %(objectname) %(*objectname) [3ms]
[2022-09-05T07:53:47.422Z] > git show --textconv :src/components/channels/channelItem/ChannelItem.tsx [5ms]
[2022-09-05T07:53:47.422Z] > git config --get commit.template [8ms]
[2022-09-05T07:53:47.422Z] > git show --textconv :src/components/channels/channelItem/ChannelItem.tsx [1ms]
[2022-09-05T07:53:54.230Z] > git -c user.useConfigOnly=true commit --quiet --allow-empty-message --file - [1ms]
[2022-09-05T07:53:54.230Z] 
*** Please tell me who you are.

Run

  git config --global user.email "you@example.com"
  git config --global user.name "Your Name"

to set your account's default identity.
Omit --global to set the identity only in this repository.

fatal: no email was given and auto-detection is disabled
[2022-09-05T07:53:54.233Z] > git config --get-all user.name [0ms]
[2022-09-05T07:53:56.795Z] > git ls-files --stage -- /home/zdev/projects/discord-dashboard/dashboard-client/src/components/channels/channelItem/ChannelItem.tsx [1ms]
[2022-09-05T07:53:56.799Z] > git cat-file -s 10122a78bf9c3b1c2d81ea3006a03fd761643037 [0ms]
[2022-09-05T07:54:18.855Z] > git status -z -uall [1ms]
[2022-09-05T07:54:18.858Z] > git symbolic-ref --short HEAD [1ms]
[2022-09-05T07:54:18.862Z] > git for-each-ref --format=%(refname)%00%(upstream:short)%00%(objectname)%00%(upstream:track)%00%(upstream:remotename)%00%(upstream:remoteref) refs/heads/main refs/remotes/main [1ms]
[2022-09-05T07:54:18.867Z] > git remote --verbose [0ms]
[2022-09-05T07:54:18.867Z] > git for-each-ref --sort -committerdate --format %(refname) %(objectname) %(*objectname) [2ms]
[2022-09-05T07:54:18.871Z] > git config --get commit.template [1ms]
[2022-09-05T07:54:19.967Z] > git ls-files --stage -- /home/zdev/projects/discord-dashboard/dashboard-client/src/components/channels/channelItem/ChannelItem.tsx [1ms]
[2022-09-05T07:54:19.969Z] > git cat-file -s 10122a78bf9c3b1c2d81ea3006a03fd761643037 [0ms]
[2022-09-05T07:54:19.981Z] > git show --textconv :src/components/channels/channelItem/ChannelItem.tsx [1ms]
[2022-09-05T07:54:23.877Z] > git status -z -uall [1ms]
[2022-09-05T07:54:23.879Z] > git symbolic-ref --short HEAD [0ms]
[2022-09-05T07:54:23.882Z] > git for-each-ref --format=%(refname)%00%(upstream:short)%00%(objectname)%00%(upstream:track)%00%(upstream:remotename)%00%(upstream:remoteref) refs/heads/main refs/remotes/main [0ms]
[2022-09-05T07:54:23.888Z] > git for-each-ref --sort -committerdate --format %(refname) %(objectname) %(*objectname) [3ms]
[2022-09-05T07:54:23.888Z] > git remote --verbose [1ms]
[2022-09-05T07:54:23.892Z] > git config --get commit.template [0ms]
[2022-09-05T07:55:23.452Z] > git status -z -uall [1ms]
[2022-09-05T07:55:23.455Z] > git symbolic-ref --short HEAD [0ms]
[2022-09-05T07:55:23.458Z] > git for-each-ref --format=%(refname)%00%(upstream:short)%00%(objectname)%00%(upstream:track)%00%(upstream:remotename)%00%(upstream:remoteref) refs/heads/main refs/remotes/main [1ms]
[2022-09-05T07:55:23.462Z] > git remote --verbose [0ms]
[2022-09-05T07:55:23.462Z] > git for-each-ref --sort -committerdate --format %(refname) %(objectname) %(*objectname) [2ms]
[2022-09-05T07:55:23.467Z] > git config --get commit.template [0ms]
[2022-09-05T07:55:23.569Z] > git ls-tree -l HEAD -- /home/zdev/projects/discord-dashboard/dashboard-client/src/components/channels/channelItem/ChannelItem.tsx [1ms]
[2022-09-05T07:55:23.626Z] > git show --textconv HEAD:src/components/channels/channelItem/ChannelItem.tsx [0ms]
[2022-09-05T07:55:28.474Z] > git status -z -uall [1ms]
[2022-09-05T07:55:28.477Z] > git symbolic-ref --short HEAD [1ms]
[2022-09-05T07:55:28.480Z] > git for-each-ref --format=%(refname)%00%(upstream:short)%00%(objectname)%00%(upstream:track)%00%(upstream:remotename)%00%(upstream:remoteref) refs/heads/main refs/remotes/main [1ms]
[2022-09-05T07:55:28.485Z] > git remote --verbose [1ms]
[2022-09-05T07:55:28.485Z] > git for-each-ref --sort -committerdate --format %(refname) %(objectname) %(*objectname) [2ms]
[2022-09-05T07:55:28.490Z] > git config --get commit.template [1ms]
[2022-09-05T07:55:59.086Z] > git fetch [432ms]
[2022-09-05T07:55:59.089Z] > git status -z -uall [1ms]
[2022-09-05T07:55:59.092Z] > git symbolic-ref --short HEAD [1ms]
[2022-09-05T07:55:59.095Z] > git for-each-ref --format=%(refname)%00%(upstream:short)%00%(objectname)%00%(upstream:track)%00%(upstream:remotename)%00%(upstream:remoteref) refs/heads/main refs/remotes/main [0ms]
[2022-09-05T07:55:59.101Z] > git remote --verbose [1ms]
[2022-09-05T07:55:59.101Z] > git for-each-ref --sort -committerdate --format %(refname) %(objectname) %(*objectname) [3ms]
[2022-09-05T07:55:59.102Z] > git fetch [421ms]
[2022-09-05T07:55:59.107Z] > git config --get commit.template [0ms]
[2022-09-05T07:55:59.110Z] > git status -z -uall [6ms]
[2022-09-05T07:55:59.113Z] > git symbolic-ref --short HEAD [1ms]
[2022-09-05T07:55:59.117Z] > git for-each-ref --format=%(refname)%00%(upstream:short)%00%(objectname)%00%(upstream:track)%00%(upstream:remotename)%00%(upstream:remoteref) refs/heads/master refs/remotes/master [1ms]
[2022-09-05T07:55:59.121Z] > git remote --verbose [1ms]
[2022-09-05T07:55:59.122Z] > git for-each-ref --sort -committerdate --format %(refname) %(objectname) %(*objectname) [4ms]
[2022-09-05T07:55:59.125Z] > git config --get commit.template [1ms]
[2022-09-05T07:56:00.180Z] > git status -z -uall [2ms]
[2022-09-05T07:56:00.183Z] > git symbolic-ref --short HEAD [1ms]
[2022-09-05T07:56:00.186Z] > git status -z -uall [6ms]
[2022-09-05T07:56:00.188Z] > git for-each-ref --format=%(refname)%00%(upstream:short)%00%(objectname)%00%(upstream:track)%00%(upstream:remotename)%00%(upstream:remoteref) refs/heads/main refs/remotes/main [3ms]
[2022-09-05T07:56:00.194Z] > git remote --verbose [1ms]
[2022-09-05T07:56:00.194Z] > git for-each-ref --sort -committerdate --format %(refname) %(objectname) %(*objectname) [3ms]
[2022-09-05T07:56:00.195Z] > git symbolic-ref --short HEAD [7ms]
[2022-09-05T07:56:00.201Z] > git for-each-ref --format=%(refname)%00%(upstream:short)%00%(objectname)%00%(upstream:track)%00%(upstream:remotename)%00%(upstream:remoteref) refs/heads/master refs/remotes/master [3ms]
[2022-09-05T07:56:00.206Z] > git for-each-ref --sort -committerdate --format %(refname) %(objectname) %(*objectname) [3ms]
[2022-09-05T07:56:00.206Z] > git config --get commit.template [5ms]
[2022-09-05T07:56:00.206Z] > git remote --verbose [1ms]
[2022-09-05T07:56:00.209Z] > git config --get commit.template [0ms]
[2022-09-05T07:56:00.283Z] > git ls-tree -l HEAD -- /home/zdev/projects/discord-dashboard/dashboard-client/src/components/channels/channelItem/ChannelItem.tsx [1ms]
[2022-09-05T07:56:00.291Z] > git show --textconv HEAD:src/components/channels/channelItem/ChannelItem.tsx [1ms]
[2022-09-05T07:56:02.340Z] > git log --oneline --cherry main...main@{upstream} -- [1ms]
[2022-09-05T07:56:02.819Z] > git pull --tags origin main [475ms]
[2022-09-05T07:56:02.819Z] From https://github.com/ZedanSaheer/discord-dashboard-client
 * branch            main       -> FETCH_HEAD
[2022-09-05T07:56:03.985Z] > git ls-tree -l HEAD -- /home/zdev/projects/discord-dashboard/dashboard-client/src/components/channels/channelItem/ChannelItem.tsx [0ms]
[2022-09-05T07:56:03.994Z] > git show --textconv HEAD:src/components/channels/channelItem/ChannelItem.tsx [1ms]
[2022-09-05T07:56:38.543Z] > git rev-parse --show-toplevel [0ms]
[2022-09-05T07:56:38.543Z] fatal: not a git repository (or any of the parent directories): .git
[2022-09-05T07:56:40.534Z] > git rev-parse --show-toplevel [0ms]
[2022-09-05T07:56:40.534Z] fatal: not a git repository (or any of the parent directories): .git
[2022-09-05T07:57:09.847Z] > git ls-tree -l HEAD -- /home/zdev/projects/discord-dashboard/dashboard-client/src/components/channels/channelItem/ChannelItem.tsx [0ms]
[2022-09-05T07:57:45.215Z] > git ls-tree -l HEAD -- /home/zdev/projects/discord-dashboard/dashboard-client/src/components/channels/channelItem/ChannelItem.tsx [1ms]
