["INFO" - 10:09:55 AM] Extension Name: esbenp.prettier-vscode.
["INFO" - 10:09:55 AM] Extension Version: 9.5.0.
["INFO" - 1:44:07 AM] Formatting file:///home/zdev/projects/discord-dashboard/dashboard-client/src/components/guilds/GuildMenuItemAvatar/index.module.scss
["INFO" - 1:44:07 AM] Using ignore file (if present) at /home/zdev/projects/discord-dashboard/.prettierignore
["INFO" - 1:44:07 AM] File Info:
{
  "ignored": false,
  "inferredParser": "scss"
}
["INFO" - 1:44:07 AM] No local configuration (i.e. .prettierrc or .editorconfig) detected, falling back to VS Code configuration
["INFO" - 1:44:07 AM] Prettier Options:
{
  "arrowParens": "always",
  "bracketSpacing": true,
  "endOfLine": "lf",
  "htmlWhitespaceSensitivity": "css",
  "insertPragma": false,
  "jsxBracketSameLine": false,
  "jsxSingleQuote": false,
  "printWidth": 80,
  "proseWrap": "preserve",
  "quoteProps": "as-needed",
  "requirePragma": false,
  "semi": true,
  "singleQuote": false,
  "tabWidth": 2,
  "trailingComma": "es5",
  "useTabs": false,
  "vueIndentScriptAndStyle": false,
  "filepath": "/home/zdev/projects/discord-dashboard/dashboard-client/src/components/guilds/GuildMenuItemAvatar/index.module.scss",
  "parser": "scss"
}
["INFO" - 1:44:07 AM] Formatting completed in 0.064ms.
