[2022-08-09T09:34:37.843Z] Log level: Info
[2022-08-09T09:34:37.851Z] [info] Validating found git in: git
[2022-08-09T09:34:37.896Z] [info] Using git 2.25.1 from git
[2022-08-09T09:34:38.455Z] > git rev-parse --show-toplevel [538ms]
[2022-08-09T09:34:38.455Z] fatal: not a git repository (or any of the parent directories): .git
[2022-08-09T09:34:38.479Z] > git rev-parse --show-toplevel [5ms]
[2022-08-09T09:34:38.491Z] > git rev-parse --git-dir --git-common-dir [5ms]
[2022-08-09T09:34:38.510Z] [info] Open repository: /home/zdev/projects/discord-dashboard/dashboard-client
[2022-08-09T09:34:38.809Z] > git status -z -uall [279ms]
[2022-08-09T09:34:38.826Z] > git rev-parse --show-toplevel [286ms]
[2022-08-09T09:34:38.920Z] > git rev-parse --git-dir --git-common-dir [69ms]
[2022-08-09T09:34:38.924Z] [info] Open repository: /home/zdev/projects/discord-dashboard/dashboard-api
[2022-08-09T09:34:38.938Z] > git symbolic-ref --short HEAD [114ms]
[2022-08-09T09:34:39.075Z] > git status -z -uall [139ms]
[2022-08-09T09:34:39.099Z] > git for-each-ref --format=%(refname)%00%(upstream:short)%00%(objectname)%00%(upstream:track)%00%(upstream:remotename)%00%(upstream:remoteref) refs/heads/main refs/remotes/main [151ms]
[2022-08-09T09:34:39.190Z] > git check-ignore -v -z --stdin [55ms]
[2022-08-09T09:34:39.193Z] > git remote --verbose [69ms]
[2022-08-09T09:34:39.194Z] > git for-each-ref --sort -committerdate --format %(refname) %(objectname) %(*objectname) [81ms]
[2022-08-09T09:34:39.200Z] > git symbolic-ref --short HEAD [110ms]
[2022-08-09T09:34:39.222Z] > git rev-parse --show-toplevel [59ms]
[2022-08-09T09:34:39.222Z] fatal: not a git repository (or any of the parent directories): .git
[2022-08-09T09:34:39.238Z] > git config --get commit.template [19ms]
[2022-08-09T09:34:39.249Z] > git for-each-ref --format=%(refname)%00%(upstream:short)%00%(objectname)%00%(upstream:track)%00%(upstream:remotename)%00%(upstream:remoteref) refs/heads/master refs/remotes/master [38ms]
[2022-08-09T09:34:39.286Z] > git status -z -uall [38ms]
[2022-08-09T09:34:39.293Z] > git show --textconv :src/utils/api.ts [19ms]
[2022-08-09T09:34:39.293Z] > git remote --verbose [29ms]
[2022-08-09T09:34:39.294Z] > git for-each-ref --sort -committerdate --format %(refname) %(objectname) %(*objectname) [36ms]
[2022-08-09T09:34:39.311Z] > git symbolic-ref --short HEAD [18ms]
[2022-08-09T09:34:39.316Z] > git ls-files --stage -- /home/zdev/projects/discord-dashboard/dashboard-client/src/utils/api.ts [33ms]
[2022-08-09T09:34:39.325Z] > git cat-file -s 6e8557b3f91d57a47204938cbbfae041800b2265 [3ms]
[2022-08-09T09:34:39.326Z] > git for-each-ref --format=%(refname)%00%(upstream:short)%00%(objectname)%00%(upstream:track)%00%(upstream:remotename)%00%(upstream:remoteref) refs/heads/main refs/remotes/main [10ms]
[2022-08-09T09:34:39.338Z] > git config --get commit.template [29ms]
[2022-08-09T09:34:39.377Z] > git status -z -uall [29ms]
[2022-08-09T09:34:39.382Z] > git remote --verbose [44ms]
[2022-08-09T09:34:39.382Z] > git for-each-ref --sort -committerdate --format %(refname) %(objectname) %(*objectname) [50ms]
[2022-08-09T09:34:39.390Z] > git symbolic-ref --short HEAD [9ms]
[2022-08-09T09:34:39.431Z] > git for-each-ref --format=%(refname)%00%(upstream:short)%00%(objectname)%00%(upstream:track)%00%(upstream:remotename)%00%(upstream:remoteref) refs/heads/master refs/remotes/master [36ms]
[2022-08-09T09:34:39.440Z] > git config --get commit.template [51ms]
[2022-08-09T09:34:39.442Z] > git remote --verbose [3ms]
[2022-08-09T09:34:39.442Z] > git for-each-ref --sort -committerdate --format %(refname) %(objectname) %(*objectname) [6ms]
[2022-08-09T09:34:39.464Z] > git config --get commit.template [5ms]
[2022-08-09T09:34:39.694Z] > git check-ignore -v -z --stdin [8ms]
[2022-08-09T09:34:39.703Z] > git check-ignore -v -z --stdin [10ms]
[2022-08-09T09:45:31.436Z] > git fetch [506ms]
[2022-08-09T09:45:31.439Z] > git fetch [498ms]
[2022-08-09T09:45:31.443Z] > git status -z -uall [4ms]
[2022-08-09T09:45:31.446Z] > git symbolic-ref --short HEAD [1ms]
[2022-08-09T09:45:31.449Z] > git status -z -uall [7ms]
[2022-08-09T09:45:31.452Z] > git for-each-ref --format=%(refname)%00%(upstream:short)%00%(objectname)%00%(upstream:track)%00%(upstream:remotename)%00%(upstream:remoteref) refs/heads/main refs/remotes/main [3ms]
[2022-08-09T09:45:31.459Z] > git remote --verbose [1ms]
[2022-08-09T09:45:31.460Z] > git for-each-ref --sort -committerdate --format %(refname) %(objectname) %(*objectname) [4ms]
[2022-08-09T09:45:31.462Z] > git symbolic-ref --short HEAD [10ms]
[2022-08-09T09:45:31.471Z] > git for-each-ref --format=%(refname)%00%(upstream:short)%00%(objectname)%00%(upstream:track)%00%(upstream:remotename)%00%(upstream:remoteref) refs/heads/master refs/remotes/master [6ms]
[2022-08-09T09:45:31.479Z] > git remote --verbose [1ms]
[2022-08-09T09:45:31.480Z] > git for-each-ref --sort -committerdate --format %(refname) %(objectname) %(*objectname) [6ms]
[2022-08-09T09:45:31.481Z] > git config --get commit.template [10ms]
[2022-08-09T09:45:31.486Z] > git config --get commit.template [0ms]
[2022-08-09T09:45:32.495Z] > git status -z -uall [3ms]
[2022-08-09T09:45:32.498Z] > git symbolic-ref --short HEAD [0ms]
[2022-08-09T09:45:32.501Z] > git status -z -uall [6ms]
[2022-08-09T09:45:32.504Z] > git for-each-ref --format=%(refname)%00%(upstream:short)%00%(objectname)%00%(upstream:track)%00%(upstream:remotename)%00%(upstream:remoteref) refs/heads/main refs/remotes/main [4ms]
[2022-08-09T09:45:32.508Z] > git remote --verbose [0ms]
[2022-08-09T09:45:32.509Z] > git for-each-ref --sort -committerdate --format %(refname) %(objectname) %(*objectname) [3ms]
[2022-08-09T09:45:32.510Z] > git symbolic-ref --short HEAD [7ms]
[2022-08-09T09:45:32.515Z] > git for-each-ref --format=%(refname)%00%(upstream:short)%00%(objectname)%00%(upstream:track)%00%(upstream:remotename)%00%(upstream:remoteref) refs/heads/master refs/remotes/master [3ms]
[2022-08-09T09:45:32.520Z] > git remote --verbose [0ms]
[2022-08-09T09:45:32.521Z] > git for-each-ref --sort -committerdate --format %(refname) %(objectname) %(*objectname) [3ms]
[2022-08-09T09:45:32.522Z] > git config --get commit.template [8ms]
[2022-08-09T09:45:32.527Z] > git config --get commit.template [1ms]
[2022-08-09T09:45:32.598Z] > git ls-files --stage -- /home/zdev/projects/discord-dashboard/dashboard-client/src/utils/api.ts [1ms]
[2022-08-09T09:45:32.601Z] > git cat-file -s 6e8557b3f91d57a47204938cbbfae041800b2265 [1ms]
[2022-08-09T09:45:32.614Z] > git show --textconv :src/utils/api.ts [5ms]
[2022-08-09T09:45:43.636Z] > git check-ignore -v -z --stdin [0ms]
[2022-08-09T09:45:52.103Z] > git check-ignore -v -z --stdin [1ms]
[2022-08-09T10:49:52.553Z] > git fetch [496ms]
[2022-08-09T10:49:52.558Z] > git fetch [492ms]
[2022-08-09T10:49:52.562Z] > git status -z -uall [5ms]
[2022-08-09T10:49:52.569Z] > git symbolic-ref --short HEAD [0ms]
[2022-08-09T10:49:52.577Z] > git for-each-ref --format=%(refname)%00%(upstream:short)%00%(objectname)%00%(upstream:track)%00%(upstream:remotename)%00%(upstream:remoteref) refs/heads/main refs/remotes/main [1ms]
[2022-08-09T10:49:52.590Z] > git status -z -uall [28ms]
[2022-08-09T10:49:52.595Z] > git remote --verbose [7ms]
[2022-08-09T10:49:52.596Z] > git for-each-ref --sort -committerdate --format %(refname) %(objectname) %(*objectname) [14ms]
[2022-08-09T10:49:52.606Z] > git symbolic-ref --short HEAD [11ms]
[2022-08-09T10:49:52.612Z] > git config --get commit.template [6ms]
[2022-08-09T10:49:52.613Z] > git for-each-ref --format=%(refname)%00%(upstream:short)%00%(objectname)%00%(upstream:track)%00%(upstream:remotename)%00%(upstream:remoteref) refs/heads/master refs/remotes/master [1ms]
[2022-08-09T10:49:52.627Z] > git remote --verbose [3ms]
[2022-08-09T10:49:52.627Z] > git for-each-ref --sort -committerdate --format %(refname) %(objectname) %(*objectname) [9ms]
[2022-08-09T10:49:52.634Z] > git config --get commit.template [1ms]
[2022-08-09T10:49:53.631Z] > git status -z -uall [1ms]
[2022-08-09T10:49:53.634Z] > git symbolic-ref --short HEAD [1ms]
[2022-08-09T10:49:53.637Z] > git for-each-ref --format=%(refname)%00%(upstream:short)%00%(objectname)%00%(upstream:track)%00%(upstream:remotename)%00%(upstream:remoteref) refs/heads/main refs/remotes/main [1ms]
[2022-08-09T10:49:53.642Z] > git remote --verbose [0ms]
[2022-08-09T10:49:53.643Z] > git for-each-ref --sort -committerdate --format %(refname) %(objectname) %(*objectname) [4ms]
[2022-08-09T10:49:53.647Z] > git config --get commit.template [1ms]
[2022-08-09T10:49:53.738Z] > git ls-files --stage -- /home/zdev/projects/discord-dashboard/dashboard-client/src/utils/api.ts [1ms]
[2022-08-09T10:49:53.749Z] > git cat-file -s 6e8557b3f91d57a47204938cbbfae041800b2265 [6ms]
[2022-08-09T10:49:53.758Z] > git show --textconv :src/utils/api.ts [1ms]
[2022-08-10T07:54:44.365Z] > git fetch [461ms]
[2022-08-10T07:54:44.373Z] > git fetch [462ms]
[2022-08-10T07:54:44.378Z] > git status -z -uall [6ms]
[2022-08-10T07:54:44.386Z] > git symbolic-ref --short HEAD [0ms]
[2022-08-10T07:54:44.392Z] > git status -z -uall [15ms]
[2022-08-10T07:54:44.396Z] > git for-each-ref --format=%(refname)%00%(upstream:short)%00%(objectname)%00%(upstream:track)%00%(upstream:remotename)%00%(upstream:remoteref) refs/heads/main refs/remotes/main [5ms]
[2022-08-10T07:54:44.406Z] > git remote --verbose [2ms]
[2022-08-10T07:54:44.406Z] > git for-each-ref --sort -committerdate --format %(refname) %(objectname) %(*objectname) [5ms]
[2022-08-10T07:54:44.409Z] > git symbolic-ref --short HEAD [13ms]
[2022-08-10T07:54:44.420Z] > git for-each-ref --format=%(refname)%00%(upstream:short)%00%(objectname)%00%(upstream:track)%00%(upstream:remotename)%00%(upstream:remoteref) refs/heads/master refs/remotes/master [6ms]
[2022-08-10T07:54:44.428Z] > git remote --verbose [1ms]
[2022-08-10T07:54:44.428Z] > git for-each-ref --sort -committerdate --format %(refname) %(objectname) %(*objectname) [5ms]
[2022-08-10T07:54:44.430Z] > git config --get commit.template [11ms]
[2022-08-10T07:54:44.437Z] > git config --get commit.template [2ms]
[2022-08-10T07:54:45.441Z] > git status -z -uall [1ms]
[2022-08-10T07:54:45.448Z] > git symbolic-ref --short HEAD [3ms]
[2022-08-10T07:54:45.453Z] > git for-each-ref --format=%(refname)%00%(upstream:short)%00%(objectname)%00%(upstream:track)%00%(upstream:remotename)%00%(upstream:remoteref) refs/heads/main refs/remotes/main [1ms]
[2022-08-10T07:54:45.461Z] > git remote --verbose [0ms]
[2022-08-10T07:54:45.462Z] > git for-each-ref --sort -committerdate --format %(refname) %(objectname) %(*objectname) [4ms]
[2022-08-10T07:54:45.467Z] > git config --get commit.template [1ms]
[2022-08-10T07:54:45.550Z] > git ls-files --stage -- /home/zdev/projects/discord-dashboard/dashboard-client/src/utils/api.ts [1ms]
[2022-08-10T07:54:45.555Z] > git cat-file -s 6e8557b3f91d57a47204938cbbfae041800b2265 [0ms]
[2022-08-10T07:54:45.568Z] > git show --textconv :src/utils/api.ts [4ms]
