[2022-07-20 09:27:09.535] [exthost] [info] Extension host with pid 690 started
[2022-07-20 09:27:09.541] [exthost] [error] Error: EEXIST: file already exists, open '/home/zdev/.vscode-server/data/User/workspaceStorage/53bad42102c1c0e813aeabb08797f9bc/vscode.lock'
[2022-07-20 09:27:09.552] [exthost] [info] Lock '/home/zdev/.vscode-server/data/User/workspaceStorage/53bad42102c1c0e813aeabb08797f9bc/vscode.lock': Could not acquire lock, checking if the file is stale.
[2022-07-20 09:27:09.556] [exthost] [info] Lock '/home/zdev/.vscode-server/data/User/workspaceStorage/53bad42102c1c0e813aeabb08797f9bc/vscode.lock': The pid 708 appears to be gone.
[2022-07-20 09:27:09.556] [exthost] [info] Lock '/home/zdev/.vscode-server/data/User/workspaceStorage/53bad42102c1c0e813aeabb08797f9bc/vscode.lock': Deleting a stale lock.
[2022-07-20 09:27:09.559] [exthost] [info] Lock '/home/zdev/.vscode-server/data/User/workspaceStorage/53bad42102c1c0e813aeabb08797f9bc/vscode.lock': Lock acquired.
[2022-07-20 09:27:09.793] [exthost] [info] ExtensionService#_doActivateExtension vscode.typescript-language-features, startup: false, activationEvent: 'onLanguage:typescript'
[2022-07-20 09:27:09.852] [exthost] [info] ExtensionService#_doActivateExtension vscode.debug-auto-launch, startup: true, activationEvent: '*'
[2022-07-20 09:27:09.856] [exthost] [info] ExtensionService#_doActivateExtension vscode.git-base, startup: true, activationEvent: '*', root cause: vscode.git
[2022-07-20 09:27:09.862] [exthost] [info] ExtensionService#_doActivateExtension vscode.ipynb, startup: true, activationEvent: '*'
[2022-07-20 09:27:10.098] [exthost] [info] ExtensionService#_doActivateExtension vscode.git, startup: true, activationEvent: '*'
[2022-07-20 09:27:10.174] [exthost] [info] ExtensionService#_doActivateExtension vscode.github, startup: true, activationEvent: '*'
[2022-07-20 09:27:10.275] [exthost] [info] ExtensionService#_doActivateExtension vscode.emmet, startup: false, activationEvent: 'onStartupFinished'
[2022-07-20 09:27:10.301] [exthost] [info] ExtensionService#_doActivateExtension vscode.merge-conflict, startup: false, activationEvent: 'onStartupFinished'
[2022-07-20 09:27:10.308] [exthost] [info] ExtensionService#_doActivateExtension esbenp.prettier-vscode, startup: false, activationEvent: 'onStartupFinished'
[2022-07-20 09:27:10.491] [exthost] [info] Eager extensions activated
[2022-07-20 09:27:12.630] [exthost] [info] ExtensionService#_doActivateExtension vscode.configuration-editing, startup: false, activationEvent: 'onLanguage:jsonc'
[2022-07-20 09:27:12.638] [exthost] [info] ExtensionService#_doActivateExtension vscode.json-language-features, startup: false, activationEvent: 'onLanguage:jsonc'
[2022-07-20 10:09:44.036] [exthost] [info] Extension host terminating: received terminate message from renderer
[2022-07-20 10:09:44.036] [exthost] [info] Lock '/home/zdev/.vscode-server/data/User/workspaceStorage/53bad42102c1c0e813aeabb08797f9bc/vscode.lock': Marking the lockfile as scheduled to be released in 6000 ms.
[2022-07-20 10:09:44.058] [exthost] [info] Extension host with pid 690 exiting with code 0
