[2022-08-07T15:21:11.758Z] Log level: Info
[2022-08-07T15:21:11.765Z] [info] Validating found git in: git
[2022-08-07T15:21:11.794Z] [info] Using git 2.25.1 from git
[2022-08-07T15:21:12.111Z] > git rev-parse --show-toplevel [301ms]
[2022-08-07T15:21:12.111Z] fatal: not a git repository (or any of the parent directories): .git
[2022-08-07T15:21:12.122Z] > git rev-parse --show-toplevel [2ms]
[2022-08-07T15:21:12.127Z] > git rev-parse --git-dir --git-common-dir [1ms]
[2022-08-07T15:21:12.136Z] [info] Open repository: /home/zdev/projects/discord-dashboard/dashboard-client
[2022-08-07T15:21:12.287Z] > git status -z -uall [145ms]
[2022-08-07T15:21:12.326Z] > git symbolic-ref --short HEAD [35ms]
[2022-08-07T15:21:12.349Z] > git rev-parse --show-toplevel [202ms]
[2022-08-07T15:21:12.374Z] > git rev-parse --git-dir --git-common-dir [20ms]
[2022-08-07T15:21:12.377Z] [info] Open repository: /home/zdev/projects/discord-dashboard/dashboard-api
[2022-08-07T15:21:12.384Z] > git for-each-ref --format=%(refname)%00%(upstream:short)%00%(objectname)%00%(upstream:track)%00%(upstream:remotename)%00%(upstream:remoteref) refs/heads/main refs/remotes/main [51ms]
[2022-08-07T15:21:12.401Z] > git status -z -uall [19ms]
[2022-08-07T15:21:12.406Z] > git remote --verbose [14ms]
[2022-08-07T15:21:12.406Z] > git for-each-ref --sort -committerdate --format %(refname) %(objectname) %(*objectname) [17ms]
[2022-08-07T15:21:12.420Z] > git symbolic-ref --short HEAD [15ms]
[2022-08-07T15:21:12.441Z] > git for-each-ref --format=%(refname)%00%(upstream:short)%00%(objectname)%00%(upstream:track)%00%(upstream:remotename)%00%(upstream:remoteref) refs/heads/master refs/remotes/master [15ms]
[2022-08-07T15:21:12.458Z] > git config --get commit.template [41ms]
[2022-08-07T15:21:12.470Z] > git remote --verbose [12ms]
[2022-08-07T15:21:12.472Z] > git for-each-ref --sort -committerdate --format %(refname) %(objectname) %(*objectname) [26ms]
[2022-08-07T15:21:12.485Z] > git status -z -uall [20ms]
[2022-08-07T15:21:12.490Z] > git config --get commit.template [6ms]
[2022-08-07T15:21:12.510Z] > git status -z -uall [14ms]
[2022-08-07T15:21:12.514Z] > git symbolic-ref --short HEAD [25ms]
[2022-08-07T15:21:12.524Z] > git for-each-ref --format=%(refname)%00%(upstream:short)%00%(objectname)%00%(upstream:track)%00%(upstream:remotename)%00%(upstream:remoteref) refs/heads/main refs/remotes/main [7ms]
[2022-08-07T15:21:12.531Z] > git symbolic-ref --short HEAD [18ms]
[2022-08-07T15:21:12.577Z] > git for-each-ref --format=%(refname)%00%(upstream:short)%00%(objectname)%00%(upstream:track)%00%(upstream:remotename)%00%(upstream:remoteref) refs/heads/master refs/remotes/master [41ms]
[2022-08-07T15:21:12.591Z] > git remote --verbose [60ms]
[2022-08-07T15:21:12.591Z] > git for-each-ref --sort -committerdate --format %(refname) %(objectname) %(*objectname) [64ms]
[2022-08-07T15:21:12.602Z] > git remote --verbose [12ms]
[2022-08-07T15:21:12.602Z] > git for-each-ref --sort -committerdate --format %(refname) %(objectname) %(*objectname) [18ms]
[2022-08-07T15:21:12.630Z] > git config --get commit.template [29ms]
[2022-08-07T15:21:12.639Z] > git config --get commit.template [18ms]
[2022-08-07T15:21:12.931Z] > git check-ignore -v -z --stdin [8ms]
[2022-08-07T15:21:12.932Z] > git check-ignore -v -z --stdin [3ms]
[2022-08-07T15:21:13.204Z] > git show --textconv :src/utils/api.ts [3ms]
[2022-08-07T15:21:13.205Z] > git ls-files --stage -- /home/zdev/projects/discord-dashboard/dashboard-client/src/utils/api.ts [1ms]
[2022-08-07T15:21:13.209Z] > git cat-file -s 6e8557b3f91d57a47204938cbbfae041800b2265 [1ms]
[2022-08-09T09:30:06.862Z] > git fetch [1156ms]
[2022-08-09T09:30:06.869Z] > git fetch [1154ms]
[2022-08-09T09:30:06.873Z] > git status -z -uall [6ms]
[2022-08-09T09:30:06.879Z] > git symbolic-ref --short HEAD [1ms]
[2022-08-09T09:30:06.890Z] > git status -z -uall [17ms]
[2022-08-09T09:30:06.893Z] > git for-each-ref --format=%(refname)%00%(upstream:short)%00%(objectname)%00%(upstream:track)%00%(upstream:remotename)%00%(upstream:remoteref) refs/heads/main refs/remotes/main [4ms]
[2022-08-09T09:30:06.910Z] > git remote --verbose [3ms]
[2022-08-09T09:30:06.911Z] > git for-each-ref --sort -committerdate --format %(refname) %(objectname) %(*objectname) [12ms]
[2022-08-09T09:30:06.915Z] > git symbolic-ref --short HEAD [22ms]
[2022-08-09T09:30:06.936Z] > git config --get commit.template [13ms]
[2022-08-09T09:30:06.937Z] > git for-each-ref --format=%(refname)%00%(upstream:short)%00%(objectname)%00%(upstream:track)%00%(upstream:remotename)%00%(upstream:remoteref) refs/heads/master refs/remotes/master [18ms]
[2022-08-09T09:30:06.955Z] > git remote --verbose [1ms]
[2022-08-09T09:30:06.955Z] > git for-each-ref --sort -committerdate --format %(refname) %(objectname) %(*objectname) [10ms]
[2022-08-09T09:30:06.956Z] > git ls-files --stage -- /home/zdev/projects/discord-dashboard/dashboard-client/src/utils/api.ts [23ms]
[2022-08-09T09:30:06.966Z] > git cat-file -s 6e8557b3f91d57a47204938cbbfae041800b2265 [3ms]
[2022-08-09T09:30:06.967Z] > git config --get commit.template [1ms]
[2022-08-09T09:30:06.976Z] > git show --textconv :src/utils/api.ts [1ms]
[2022-08-09T09:30:08.032Z] > git ls-files --stage -- /home/zdev/projects/discord-dashboard/dashboard-client/src/utils/api.ts [1ms]
[2022-08-09T09:30:08.035Z] > git cat-file -s 6e8557b3f91d57a47204938cbbfae041800b2265 [1ms]
[2022-08-09T09:30:08.044Z] > git show --textconv :src/utils/api.ts [1ms]
[2022-08-09T09:30:12.515Z] > git status -z -uall [5ms]
[2022-08-09T09:30:12.518Z] > git symbolic-ref --short HEAD [1ms]
[2022-08-09T09:30:12.521Z] > git for-each-ref --format=%(refname)%00%(upstream:short)%00%(objectname)%00%(upstream:track)%00%(upstream:remotename)%00%(upstream:remoteref) refs/heads/master refs/remotes/master [1ms]
[2022-08-09T09:30:12.526Z] > git for-each-ref --sort -committerdate --format %(refname) %(objectname) %(*objectname) [3ms]
[2022-08-09T09:30:12.526Z] > git remote --verbose [1ms]
[2022-08-09T09:30:12.529Z] > git config --get commit.template [0ms]
[2022-08-09T09:30:18.551Z] > git status -z -uall [1ms]
[2022-08-09T09:30:18.555Z] > git symbolic-ref --short HEAD [1ms]
[2022-08-09T09:30:18.558Z] > git for-each-ref --format=%(refname)%00%(upstream:short)%00%(objectname)%00%(upstream:track)%00%(upstream:remotename)%00%(upstream:remoteref) refs/heads/main refs/remotes/main [1ms]
[2022-08-09T09:30:18.561Z] > git for-each-ref --sort -committerdate --format %(refname) %(objectname) %(*objectname) [2ms]
[2022-08-09T09:30:18.562Z] > git remote --verbose [0ms]
[2022-08-09T09:30:18.565Z] > git config --get commit.template [1ms]
[2022-08-09T09:30:19.684Z] > git ls-files --stage -- /home/zdev/projects/discord-dashboard/dashboard-client/src/utils/api.ts [1ms]
[2022-08-09T09:30:19.687Z] > git cat-file -s 6e8557b3f91d57a47204938cbbfae041800b2265 [0ms]
[2022-08-09T09:30:19.735Z] > git show --textconv :src/utils/api.ts [1ms]
