[2022-07-24T08:11:52.137Z] Log level: Info
[2022-07-24T08:11:52.149Z] [info] Validating found git in: git
[2022-07-24T08:11:52.217Z] [info] Using git 2.25.1 from git
[2022-07-24T08:11:52.529Z] > git rev-parse --show-toplevel [286ms]
[2022-07-24T08:11:52.529Z] fatal: not a git repository (or any of the parent directories): .git
[2022-07-24T08:11:52.567Z] > git rev-parse --show-toplevel [2ms]
[2022-07-24T08:11:52.706Z] > git rev-parse --git-dir --git-common-dir [128ms]
[2022-07-24T08:11:52.722Z] [info] Open repository: /home/zdev/projects/discord-dashboard/dashboard-api
[2022-07-24T08:11:52.761Z] > git rev-parse --show-toplevel [14ms]
[2022-07-24T08:11:52.767Z] > git status -z -uall [30ms]
[2022-07-24T08:11:52.774Z] > git symbolic-ref --short HEAD [1ms]
[2022-07-24T08:11:52.792Z] > git rev-parse --git-dir --git-common-dir [27ms]
[2022-07-24T08:11:52.796Z] [info] Open repository: /home/zdev/projects/discord-dashboard/dashboard-client
[2022-07-24T08:11:52.810Z] > git for-each-ref --format=%(refname)%00%(upstream:short)%00%(objectname)%00%(upstream:track)%00%(upstream:remotename)%00%(upstream:remoteref) refs/heads/master refs/remotes/master [18ms]
[2022-07-24T08:11:52.826Z] > git status -z -uall [18ms]
[2022-07-24T08:11:52.834Z] > git remote --verbose [11ms]
[2022-07-24T08:11:52.835Z] > git for-each-ref --sort -committerdate --format %(refname) %(objectname) %(*objectname) [19ms]
[2022-07-24T08:11:52.857Z] > git symbolic-ref --short HEAD [23ms]
[2022-07-24T08:11:52.870Z] > git config --get commit.template [24ms]
[2022-07-24T08:11:52.884Z] > git for-each-ref --format=%(refname)%00%(upstream:short)%00%(objectname)%00%(upstream:track)%00%(upstream:remotename)%00%(upstream:remoteref) refs/heads/main refs/remotes/main [19ms]
[2022-07-24T08:11:52.903Z] > git remote --verbose [8ms]
[2022-07-24T08:11:52.903Z] > git for-each-ref --sort -committerdate --format %(refname) %(objectname) %(*objectname) [15ms]
[2022-07-24T08:11:52.912Z] > git status -z -uall [30ms]
[2022-07-24T08:11:52.925Z] > git config --get commit.template [14ms]
[2022-07-24T08:11:52.932Z] > git symbolic-ref --short HEAD [7ms]
[2022-07-24T08:11:52.942Z] > git status -z -uall [11ms]
[2022-07-24T08:11:52.948Z] > git for-each-ref --format=%(refname)%00%(upstream:short)%00%(objectname)%00%(upstream:track)%00%(upstream:remotename)%00%(upstream:remoteref) refs/heads/master refs/remotes/master [12ms]
[2022-07-24T08:11:52.962Z] > git remote --verbose [3ms]
[2022-07-24T08:11:52.962Z] > git for-each-ref --sort -committerdate --format %(refname) %(objectname) %(*objectname) [9ms]
[2022-07-24T08:11:52.965Z] > git symbolic-ref --short HEAD [18ms]
[2022-07-24T08:11:52.977Z] > git for-each-ref --format=%(refname)%00%(upstream:short)%00%(objectname)%00%(upstream:track)%00%(upstream:remotename)%00%(upstream:remoteref) refs/heads/main refs/remotes/main [6ms]
[2022-07-24T08:11:52.992Z] > git for-each-ref --sort -committerdate --format %(refname) %(objectname) %(*objectname) [8ms]
[2022-07-24T08:11:52.993Z] > git config --get commit.template [16ms]
[2022-07-24T08:11:52.994Z] > git remote --verbose [3ms]
[2022-07-24T08:11:53.002Z] > git config --get commit.template [0ms]
[2022-07-24T08:11:53.272Z] > git rev-parse --show-toplevel [1ms]
[2022-07-24T08:11:53.272Z] fatal: not a git repository (or any of the parent directories): .git
[2022-07-24T08:11:53.418Z] > git show --textconv :src/controllers/guilds/index.ts [6ms]
[2022-07-24T08:11:53.419Z] > git ls-files --stage -- /home/zdev/projects/discord-dashboard/dashboard-api/src/controllers/guilds/index.ts [2ms]
[2022-07-24T08:11:53.426Z] > git cat-file -s 07f5b4fa60683b60b59e3f9cab3234d8406f44e9 [1ms]
[2022-07-24T08:11:53.544Z] > git check-ignore -v -z --stdin [6ms]
[2022-07-24T08:11:53.546Z] > git check-ignore -v -z --stdin [3ms]
