[2022-07-20 10:09:55.039] [exthost] [info] Extension host with pid 7379 started
[2022-07-20 10:09:55.049] [exthost] [info] Lock '/home/zdev/.vscode-server/data/User/workspaceStorage/53bad42102c1c0e813aeabb08797f9bc/vscode.lock': Lock acquired.
[2022-07-20 10:09:55.168] [exthost] [info] ExtensionService#_doActivateExtension vscode.configuration-editing, startup: false, activationEvent: 'onLanguage:jsonc'
[2022-07-20 10:09:55.176] [exthost] [info] ExtensionService#_doActivateExtension vscode.json-language-features, startup: false, activationEvent: 'onLanguage:jsonc'
[2022-07-20 10:09:55.240] [exthost] [info] ExtensionService#_doActivateExtension vscode.typescript-language-features, startup: false, activationEvent: 'onLanguage:jsonc'
[2022-07-20 10:09:55.273] [exthost] [info] ExtensionService#_doActivateExtension vscode.debug-auto-launch, startup: true, activationEvent: '*'
[2022-07-20 10:09:55.276] [exthost] [info] ExtensionService#_doActivateExtension vscode.git-base, startup: true, activationEvent: '*', root cause: vscode.git
[2022-07-20 10:09:55.279] [exthost] [info] ExtensionService#_doActivateExtension vscode.ipynb, startup: true, activationEvent: '*'
[2022-07-20 10:09:55.382] [exthost] [info] ExtensionService#_doActivateExtension vscode.git, startup: true, activationEvent: '*'
[2022-07-20 10:09:55.434] [exthost] [info] ExtensionService#_doActivateExtension vscode.github, startup: true, activationEvent: '*'
[2022-07-20 10:09:55.524] [exthost] [info] ExtensionService#_doActivateExtension vscode.emmet, startup: false, activationEvent: 'onStartupFinished'
[2022-07-20 10:09:55.540] [exthost] [info] ExtensionService#_doActivateExtension vscode.merge-conflict, startup: false, activationEvent: 'onStartupFinished'
[2022-07-20 10:09:55.544] [exthost] [info] ExtensionService#_doActivateExtension esbenp.prettier-vscode, startup: false, activationEvent: 'onStartupFinished'
[2022-07-20 10:09:55.657] [exthost] [info] Eager extensions activated
[2022-07-20 11:06:49.889] [exthost] [info] ExtensionService#_doActivateExtension vscode.css-language-features, startup: false, activationEvent: 'onLanguage:scss'
[2022-07-20 14:06:51.764] [exthost] [error] [vscode.typescript-language-features] provider FAILED
[2022-07-20 14:06:51.764] [exthost] [error] Error: DisposableStore is missing...
	at ne._convertCompletionItem (/home/zdev/.vscode-server/bin/3b889b090b5ad5793f524b5d1d39fda662b96a2a/out/vs/workbench/api/node/extensionHostProcess.js:87:52344)
	at ne.resolveCompletionItem (/home/zdev/.vscode-server/bin/3b889b090b5ad5793f524b5d1d39fda662b96a2a/out/vs/workbench/api/node/extensionHostProcess.js:87:52122)
	at processTicksAndRejections (node:internal/process/task_queues:96:5)
[2022-07-20 14:06:51.765] [exthost] [error] [vscode.typescript-language-features] provider FAILED
[2022-07-20 14:06:51.765] [exthost] [error] Error: DisposableStore is missing...
	at ne._convertCompletionItem (/home/zdev/.vscode-server/bin/3b889b090b5ad5793f524b5d1d39fda662b96a2a/out/vs/workbench/api/node/extensionHostProcess.js:87:52344)
	at ne.resolveCompletionItem (/home/zdev/.vscode-server/bin/3b889b090b5ad5793f524b5d1d39fda662b96a2a/out/vs/workbench/api/node/extensionHostProcess.js:87:52122)
	at processTicksAndRejections (node:internal/process/task_queues:96:5)
[2022-07-20 14:06:51.765] [exthost] [error] [vscode.typescript-language-features] provider FAILED
[2022-07-20 14:06:51.765] [exthost] [error] Error: DisposableStore is missing...
	at ne._convertCompletionItem (/home/zdev/.vscode-server/bin/3b889b090b5ad5793f524b5d1d39fda662b96a2a/out/vs/workbench/api/node/extensionHostProcess.js:87:52344)
	at ne.resolveCompletionItem (/home/zdev/.vscode-server/bin/3b889b090b5ad5793f524b5d1d39fda662b96a2a/out/vs/workbench/api/node/extensionHostProcess.js:87:52122)
	at processTicksAndRejections (node:internal/process/task_queues:96:5)
[2022-07-20 14:06:51.765] [exthost] [error] [vscode.typescript-language-features] provider FAILED
[2022-07-20 14:06:51.765] [exthost] [error] Error: DisposableStore is missing...
	at ne._convertCompletionItem (/home/zdev/.vscode-server/bin/3b889b090b5ad5793f524b5d1d39fda662b96a2a/out/vs/workbench/api/node/extensionHostProcess.js:87:52344)
	at ne.resolveCompletionItem (/home/zdev/.vscode-server/bin/3b889b090b5ad5793f524b5d1d39fda662b96a2a/out/vs/workbench/api/node/extensionHostProcess.js:87:52122)
	at processTicksAndRejections (node:internal/process/task_queues:96:5)
[2022-07-20 14:07:02.488] [exthost] [error] [vscode.typescript-language-features] provider FAILED
[2022-07-20 14:07:02.488] [exthost] [error] Error: DisposableStore is missing...
	at ne._convertCompletionItem (/home/zdev/.vscode-server/bin/3b889b090b5ad5793f524b5d1d39fda662b96a2a/out/vs/workbench/api/node/extensionHostProcess.js:87:52344)
	at ne.resolveCompletionItem (/home/zdev/.vscode-server/bin/3b889b090b5ad5793f524b5d1d39fda662b96a2a/out/vs/workbench/api/node/extensionHostProcess.js:87:52122)
	at processTicksAndRejections (node:internal/process/task_queues:96:5)
[2022-07-21 07:46:16.871] [exthost] [warning] [Decorations] CAPPING events from decorations provider vscode.git 10000
[2022-07-21 07:46:28.923] [exthost] [warning] [Decorations] CAPPING events from decorations provider vscode.git 10001
[2022-07-22 00:31:19.330] [exthost] [error] [vscode.typescript-language-features] provider FAILED
[2022-07-22 00:31:19.330] [exthost] [error] Error: <semantic> TypeScript Server Error (4.7.3)
Debug Failure. False expression.
Error: Debug Failure. False expression.
    at Object.setTextPos (/home/zdev/.vscode-server/bin/3b889b090b5ad5793f524b5d1d39fda662b96a2a/extensions/node_modules/typescript/lib/tsserver.js:12103:22)
    at Object.skipToEndOf (/home/zdev/.vscode-server/bin/3b889b090b5ad5793f524b5d1d39fda662b96a2a/extensions/node_modules/typescript/lib/tsserver.js:145431:25)
    at processChildNodes (/home/zdev/.vscode-server/bin/3b889b090b5ad5793f524b5d1d39fda662b96a2a/extensions/node_modules/typescript/lib/tsserver.js:146926:47)
    at /home/zdev/.vscode-server/bin/3b889b090b5ad5793f524b5d1d39fda662b96a2a/extensions/node_modules/typescript/lib/tsserver.js:146843:21
    at visitNodes (/home/zdev/.vscode-server/bin/3b889b090b5ad5793f524b5d1d39fda662b96a2a/extensions/node_modules/typescript/lib/tsserver.js:30474:24)
    at Object.forEachChild (/home/zdev/.vscode-server/bin/3b889b090b5ad5793f524b5d1d39fda662b96a2a/extensions/node_modules/typescript/lib/tsserver.js:30665:21)
    at processNode (/home/zdev/.vscode-server/bin/3b889b090b5ad5793f524b5d1d39fda662b96a2a/extensions/node_modules/typescript/lib/tsserver.js:146840:20)
    at processChildNode (/home/zdev/.vscode-server/bin/3b889b090b5ad5793f524b5d1d39fda662b96a2a/extensions/node_modules/typescript/lib/tsserver.js:146911:21)
    at /home/zdev/.vscode-server/bin/3b889b090b5ad5793f524b5d1d39fda662b96a2a/extensions/node_modules/typescript/lib/tsserver.js:146841:21
    at visitNode (/home/zdev/.vscode-server/bin/3b889b090b5ad5793f524b5d1d39fda662b96a2a/extensions/node_modules/typescript/lib/tsserver.js:30469:24)
    at Object.forEachChild (/home/zdev/.vscode-server/bin/3b889b090b5ad5793f524b5d1d39fda662b96a2a/extensions/node_modules/typescript/lib/tsserver.js:30565:21)
    at processNode (/home/zdev/.vscode-server/bin/3b889b090b5ad5793f524b5d1d39fda662b96a2a/extensions/node_modules/typescript/lib/tsserver.js:146840:20)
    at processChildNode (/home/zdev/.vscode-server/bin/3b889b090b5ad5793f524b5d1d39fda662b96a2a/extensions/node_modules/typescript/lib/tsserver.js:146911:21)
    at processChildNodes (/home/zdev/.vscode-server/bin/3b889b090b5ad5793f524b5d1d39fda662b96a2a/extensions/node_modules/typescript/lib/tsserver.js:146965:48)
    at /home/zdev/.vscode-server/bin/3b889b090b5ad5793f524b5d1d39fda662b96a2a/extensions/node_modules/typescript/lib/tsserver.js:146843:21
    at visitNodes (/home/zdev/.vscode-server/bin/3b889b090b5ad5793f524b5d1d39fda662b96a2a/extensions/node_modules/typescript/lib/tsserver.js:30474:24)
    at Object.forEachChild (/home/zdev/.vscode-server/bin/3b889b090b5ad5793f524b5d1d39fda662b96a2a/extensions/node_modules/typescript/lib/tsserver.js:30610:21)
    at processNode (/home/zdev/.vscode-server/bin/3b889b090b5ad5793f524b5d1d39fda662b96a2a/extensions/node_modules/typescript/lib/tsserver.js:146840:20)
    at processChildNode (/home/zdev/.vscode-server/bin/3b889b090b5ad5793f524b5d1d39fda662b96a2a/extensions/node_modules/typescript/lib/tsserver.js:146911:21)
    at /home/zdev/.vscode-server/bin/3b889b090b5ad5793f524b5d1d39fda662b96a2a/extensions/node_modules/typescript/lib/tsserver.js:146841:21
    at visitNode (/home/zdev/.vscode-server/bin/3b889b090b5ad5793f524b5d1d39fda662b96a2a/extensions/node_modules/typescript/lib/tsserver.js:30469:24)
    at Object.forEachChild (/home/zdev/.vscode-server/bin/3b889b090b5ad5793f524b5d1d39fda662b96a2a/extensions/node_modules/typescript/lib/tsserver.js:30565:21)
    at processNode (/home/zdev/.vscode-server/bin/3b889b090b5ad5793f524b5d1d39fda662b96a2a/extensions/node_modules/typescript/lib/tsserver.js:146840:20)
    at processChildNode (/home/zdev/.vscode-server/bin/3b889b090b5ad5793f524b5d1d39fda662b96a2a/extensions/node_modules/typescript/lib/tsserver.js:146911:21)
    at processChildNodes (/home/zdev/.vscode-server/bin/3b889b090b5ad5793f524b5d1d39fda662b96a2a/extensions/node_modules/typescript/lib/tsserver.js:146965:48)
    at /home/zdev/.vscode-server/bin/3b889b090b5ad5793f524b5d1d39fda662b96a2a/extensions/node_modules/typescript/lib/tsserver.js:146843:21
    at visitNodes (/home/zdev/.vscode-server/bin/3b889b090b5ad5793f524b5d1d39fda662b96a2a/extensions/node_modules/typescript/lib/tsserver.js:30474:24)
    at Object.forEachChild (/home/zdev/.vscode-server/bin/3b889b090b5ad5793f524b5d1d39fda662b96a2a/extensions/node_modules/typescript/lib/tsserver.js:30627:21)
    at processNode (/home/zdev/.vscode-server/bin/3b889b090b5ad5793f524b5d1d39fda662b96a2a/extensions/node_modules/typescript/lib/tsserver.js:146840:20)
    at formatSpanWorker (/home/zdev/.vscode-server/bin/3b889b090b5ad5793f524b5d1d39fda662b96a2a/extensions/node_modules/typescript/lib/tsserver.js:146640:17)
    at /home/zdev/.vscode-server/bin/3b889b090b5ad5793f524b5d1d39fda662b96a2a/extensions/node_modules/typescript/lib/tsserver.js:146603:140
    at Object.getFormattingScanner (/home/zdev/.vscode-server/bin/3b889b090b5ad5793f524b5d1d39fda662b96a2a/extensions/node_modules/typescript/lib/tsserver.js:145230:23)
    at Object.formatNodeGivenIndentation (/home/zdev/.vscode-server/bin/3b889b090b5ad5793f524b5d1d39fda662b96a2a/extensions/node_modules/typescript/lib/tsserver.js:146603:31)
    at getFormattedTextOfNode (/home/zdev/.vscode-server/bin/3b889b090b5ad5793f524b5d1d39fda662b96a2a/extensions/node_modules/typescript/lib/tsserver.js:149034:45)
    at format (/home/zdev/.vscode-server/bin/3b889b090b5ad5793f524b5d1d39fda662b96a2a/extensions/node_modules/typescript/lib/tsserver.js:149005:52)
    at computeNewText (/home/zdev/.vscode-server/bin/3b889b090b5ad5793f524b5d1d39fda662b96a2a/extensions/node_modules/typescript/lib/tsserver.js:149008:23)
    at /home/zdev/.vscode-server/bin/3b889b090b5ad5793f524b5d1d39fda662b96a2a/extensions/node_modules/typescript/lib/tsserver.js:148972:39
    at Object.mapDefined (/home/zdev/.vscode-server/bin/3b889b090b5ad5793f524b5d1d39fda662b96a2a/extensions/node_modules/typescript/lib/tsserver.js:605:30)
    at /home/zdev/.vscode-server/bin/3b889b090b5ad5793f524b5d1d39fda662b96a2a/extensions/node_modules/typescript/lib/tsserver.js:148970:42
    at Object.mapDefined (/home/zdev/.vscode-server/bin/3b889b090b5ad5793f524b5d1d39fda662b96a2a/extensions/node_modules/typescript/lib/tsserver.js:605:30)
    at Object.getTextChangesFromChanges (/home/zdev/.vscode-server/bin/3b889b090b5ad5793f524b5d1d39fda662b96a2a/extensions/node_modules/typescript/lib/tsserver.js:148956:27)
    at ChangeTracker.getChanges (/home/zdev/.vscode-server/bin/3b889b090b5ad5793f524b5d1d39fda662b96a2a/extensions/node_modules/typescript/lib/tsserver.js:148895:45)
    at Function.ChangeTracker.with (/home/zdev/.vscode-server/bin/3b889b090b5ad5793f524b5d1d39fda662b96a2a/extensions/node_modules/typescript/lib/tsserver.js:148315:32)
    at Object.getCodeActions (/home/zdev/.vscode-server/bin/3b889b090b5ad5793f524b5d1d39fda662b96a2a/extensions/node_modules/typescript/lib/tsserver.js:154025:68)
    at /home/zdev/.vscode-server/bin/3b889b090b5ad5793f524b5d1d39fda662b96a2a/extensions/node_modules/typescript/lib/tsserver.js:149562:77
    at Object.flatMap (/home/zdev/.vscode-server/bin/3b889b090b5ad5793f524b5d1d39fda662b96a2a/extensions/node_modules/typescript/lib/tsserver.js:508:25)
    at Object.getFixes (/home/zdev/.vscode-server/bin/3b889b090b5ad5793f524b5d1d39fda662b96a2a/extensions/node_modules/typescript/lib/tsserver.js:149562:23)
    at /home/zdev/.vscode-server/bin/3b889b090b5ad5793f524b5d1d39fda662b96a2a/extensions/node_modules/typescript/lib/tsserver.js:164962:35
    at Object.flatMap (/home/zdev/.vscode-server/bin/3b889b090b5ad5793f524b5d1d39fda662b96a2a/extensions/node_modules/typescript/lib/tsserver.js:508:25)
    at Object.getCodeFixesAtPosition (/home/zdev/.vscode-server/bin/3b889b090b5ad5793f524b5d1d39fda662b96a2a/extensions/node_modules/typescript/lib/tsserver.js:164960:23)
    at IpcIOSession.Session.getCodeFixes (/home/zdev/.vscode-server/bin/3b889b090b5ad5793f524b5d1d39fda662b96a2a/extensions/node_modules/typescript/lib/tsserver.js:176859:64)
    at Session.handlers.ts.Map.ts.getEntries._a.<computed> (/home/zdev/.vscode-server/bin/3b889b090b5ad5793f524b5d1d39fda662b96a2a/extensions/node_modules/typescript/lib/tsserver.js:175242:61)
    at /home/zdev/.vscode-server/bin/3b889b090b5ad5793f524b5d1d39fda662b96a2a/extensions/node_modules/typescript/lib/tsserver.js:177172:88
    at IpcIOSession.Session.executeWithRequestId (/home/zdev/.vscode-server/bin/3b889b090b5ad5793f524b5d1d39fda662b96a2a/extensions/node_modules/typescript/lib/tsserver.js:177163:28)
    at IpcIOSession.Session.executeCommand (/home/zdev/.vscode-server/bin/3b889b090b5ad5793f524b5d1d39fda662b96a2a/extensions/node_modules/typescript/lib/tsserver.js:177172:33)
    at IpcIOSession.Session.onMessage (/home/zdev/.vscode-server/bin/3b889b090b5ad5793f524b5d1d39fda662b96a2a/extensions/node_modules/typescript/lib/tsserver.js:177198:35)
    at process.<anonymous> (/home/zdev/.vscode-server/bin/3b889b090b5ad5793f524b5d1d39fda662b96a2a/extensions/node_modules/typescript/lib/tsserver.js:179833:31)
    at process.emit (node:events:390:28)
    at emit (node:internal/child_process:917:12)
    at processTicksAndRejections (node:internal/process/task_queues:84:21)
	at Function.create (/home/zdev/.vscode-server/bin/3b889b090b5ad5793f524b5d1d39fda662b96a2a/extensions/typescript-language-features/dist/extension.js:1:509455)
	at dispatchResponse (/home/zdev/.vscode-server/bin/3b889b090b5ad5793f524b5d1d39fda662b96a2a/extensions/typescript-language-features/dist/extension.js:1:503303)
	at dispatchMessage (/home/zdev/.vscode-server/bin/3b889b090b5ad5793f524b5d1d39fda662b96a2a/extensions/typescript-language-features/dist/extension.js:1:502171)
	at ChildProcess.<anonymous> (/home/zdev/.vscode-server/bin/3b889b090b5ad5793f524b5d1d39fda662b96a2a/extensions/typescript-language-features/dist/extension.js:1:501656)
	at ChildProcess.emit (node:events:390:28)
	at emit (node:internal/child_process:917:12)
	at processTicksAndRejections (node:internal/process/task_queues:84:21)
[2022-07-22 17:49:04.343] [exthost] [info] ExtensionService#_doActivateExtension vscode.extension-editing, startup: false, activationEvent: 'onLanguage:markdown'
[2022-07-22 17:49:04.364] [exthost] [info] ExtensionService#_doActivateExtension vscode.markdown-language-features, startup: false, activationEvent: 'onLanguage:markdown'
[2022-07-22 17:49:04.653] [exthost] [info] ExtensionService#_doActivateExtension vscode.markdown-math, startup: false, activationEvent: 'api', root cause: vscode.markdown-language-features
[2022-07-22 17:49:04.867] [exthost] [info] ExtensionService#_doActivateExtension vscode.npm, startup: false, activationEvent: 'onLanguage:json'
