[2022-09-05 13:14:15.066] [exthost] [info] Extension host with pid 716 started
[2022-09-05 13:14:15.085] [exthost] [info] Lock '/home/zdev/.vscode-server/data/User/workspaceStorage/53bad42102c1c0e813aeabb08797f9bc/vscode.lock': Lock acquired.
[2022-09-05 13:14:15.456] [exthost] [info] ExtensionService#_doActivateExtension vscode.typescript-language-features, startup: false, activationEvent: 'onLanguage:typescript'
[2022-09-05 13:14:15.515] [exthost] [info] ExtensionService#_doActivateExtension vscode.debug-auto-launch, startup: true, activationEvent: '*'
[2022-09-05 13:14:15.519] [exthost] [info] ExtensionService#_doActivateExtension vscode.git-base, startup: true, activationEvent: '*', root cause: vscode.git
[2022-09-05 13:14:15.523] [exthost] [info] ExtensionService#_doActivateExtension vscode.ipynb, startup: true, activationEvent: '*'
[2022-09-05 13:14:15.863] [exthost] [info] ExtensionService#_doActivateExtension vscode.git, startup: true, activationEvent: '*'
[2022-09-05 13:14:15.943] [exthost] [info] ExtensionService#_doActivateExtension vscode.github, startup: true, activationEvent: '*'
[2022-09-05 13:14:16.078] [exthost] [info] ExtensionService#_doActivateExtension vscode.emmet, startup: false, activationEvent: 'onStartupFinished'
[2022-09-05 13:14:16.097] [exthost] [info] ExtensionService#_doActivateExtension vscode.merge-conflict, startup: false, activationEvent: 'onStartupFinished'
[2022-09-05 13:14:16.101] [exthost] [info] ExtensionService#_doActivateExtension eamodio.gitlens, startup: false, activationEvent: 'onStartupFinished'
[2022-09-05 13:14:16.291] [exthost] [info] ExtensionService#_doActivateExtension esbenp.prettier-vscode, startup: false, activationEvent: 'onStartupFinished'
[2022-09-05 13:14:16.405] [exthost] [info] Eager extensions activated
[2022-09-05 13:18:07.569] [exthost] [error] Error: ENOENT: no such file or directory, open '/home/zdev/.vscode-server/data/User/workspaceStorage/53bad42102c1c0e813aeabb08797f9bc/vscode.lock'
[2022-09-05 13:18:07.569] [exthost] [info] Lock '/home/zdev/.vscode-server/data/User/workspaceStorage/53bad42102c1c0e813aeabb08797f9bc/vscode.lock': The lock was lost unexpectedly.
[2022-09-05 13:18:07.569] [exthost] [error] Error: ENOENT: no such file or directory, utime '/home/zdev/.vscode-server/data/User/workspaceStorage/53bad42102c1c0e813aeabb08797f9bc/vscode.lock'
[2022-09-05 13:18:07.569] [exthost] [info] Lock '/home/zdev/.vscode-server/data/User/workspaceStorage/53bad42102c1c0e813aeabb08797f9bc/vscode.lock': Could not update mtime.
[2022-09-05 13:23:10.746] [exthost] [warning] TextEditor is closed/disposed
[2022-09-05 13:26:38.410] [exthost] [info] ExtensionService#_doActivateExtension vscode.configuration-editing, startup: false, activationEvent: 'onLanguage:jsonc'
[2022-09-05 13:26:38.411] [exthost] [info] ExtensionService#_doActivateExtension vscode.json-language-features, startup: false, activationEvent: 'onLanguage:jsonc'
[2022-09-05 13:26:38.412] [exthost] [error] Activating extension vscode.configuration-editing failed due to an error:
[2022-09-05 13:26:38.412] [exthost] [error] Error: Cannot find module '/home/zdev/.vscode-server/bin/e4503b30fc78200f846c62cf8091b76ff5547662/extensions/configuration-editing/dist/configurationEditingMain'
Require stack:
- /home/zdev/.vscode-server/bin/e4503b30fc78200f846c62cf8091b76ff5547662/out/vs/loader.js
- /home/zdev/.vscode-server/bin/e4503b30fc78200f846c62cf8091b76ff5547662/out/bootstrap-amd.js
- /home/zdev/.vscode-server/bin/e4503b30fc78200f846c62cf8091b76ff5547662/out/bootstrap-fork.js
	at Function.Module._resolveFilename (node:internal/modules/cjs/loader:933:15)
	at Function.Module._load (node:internal/modules/cjs/loader:778:27)
	at Function.r._load (/home/zdev/.vscode-server/bin/e4503b30fc78200f846c62cf8091b76ff5547662/out/vs/workbench/api/node/extensionHostProcess.js:111:14538)
	at Function.w._load (/home/zdev/.vscode-server/bin/e4503b30fc78200f846c62cf8091b76ff5547662/out/vs/workbench/api/node/extensionHostProcess.js:106:62507)
	at Function.v._load (/home/zdev/.vscode-server/bin/e4503b30fc78200f846c62cf8091b76ff5547662/out/vs/workbench/api/node/extensionHostProcess.js:106:61875)
	at Module.require (node:internal/modules/cjs/loader:1005:19)
	at require (node:internal/modules/cjs/helpers:102:18)
	at Function.r [as __$__nodeRequire] (/home/zdev/.vscode-server/bin/e4503b30fc78200f846c62cf8091b76ff5547662/out/vs/loader.js:5:101)
	at b._loadCommonJSModule (/home/zdev/.vscode-server/bin/e4503b30fc78200f846c62cf8091b76ff5547662/out/vs/workbench/api/node/extensionHostProcess.js:106:63965)
	at b._doActivateExtension (/home/zdev/.vscode-server/bin/e4503b30fc78200f846c62cf8091b76ff5547662/out/vs/workbench/api/node/extensionHostProcess.js:97:14754)
	at b._activateExtension (/home/zdev/.vscode-server/bin/e4503b30fc78200f846c62cf8091b76ff5547662/out/vs/workbench/api/node/extensionHostProcess.js:97:13693)
	at Object.actualActivateExtension (/home/zdev/.vscode-server/bin/e4503b30fc78200f846c62cf8091b76ff5547662/out/vs/workbench/api/node/extensionHostProcess.js:97:9858)
	at v._activate (/home/zdev/.vscode-server/bin/e4503b30fc78200f846c62cf8091b76ff5547662/out/vs/workbench/api/node/extensionHostProcess.js:85:8197)
	at v._waitForDepsThenActivate (/home/zdev/.vscode-server/bin/e4503b30fc78200f846c62cf8091b76ff5547662/out/vs/workbench/api/node/extensionHostProcess.js:85:8133)
	at v._initialize (/home/zdev/.vscode-server/bin/e4503b30fc78200f846c62cf8091b76ff5547662/out/vs/workbench/api/node/extensionHostProcess.js:85:7497)
	at new v (/home/zdev/.vscode-server/bin/e4503b30fc78200f846c62cf8091b76ff5547662/out/vs/workbench/api/node/extensionHostProcess.js:85:7296)
	at P._createAndSaveOperation (/home/zdev/.vscode-server/bin/e4503b30fc78200f846c62cf8091b76ff5547662/out/vs/workbench/api/node/extensionHostProcess.js:85:6921)
	at P._handleActivationRequest (/home/zdev/.vscode-server/bin/e4503b30fc78200f846c62cf8091b76ff5547662/out/vs/workbench/api/node/extensionHostProcess.js:85:6832)
	at /home/zdev/.vscode-server/bin/e4503b30fc78200f846c62cf8091b76ff5547662/out/vs/workbench/api/node/extensionHostProcess.js:85:5264
	at Array.map (<anonymous>)
	at P._activateExtensions (/home/zdev/.vscode-server/bin/e4503b30fc78200f846c62cf8091b76ff5547662/out/vs/workbench/api/node/extensionHostProcess.js:85:5252)
	at P.activateByEvent (/home/zdev/.vscode-server/bin/e4503b30fc78200f846c62cf8091b76ff5547662/out/vs/workbench/api/node/extensionHostProcess.js:85:4845)
	at b._activateByEvent (/home/zdev/.vscode-server/bin/e4503b30fc78200f846c62cf8091b76ff5547662/out/vs/workbench/api/node/extensionHostProcess.js:97:11674)
	at /home/zdev/.vscode-server/bin/e4503b30fc78200f846c62cf8091b76ff5547662/out/vs/workbench/api/node/extensionHostProcess.js:97:23461
	at runMicrotasks (<anonymous>)
	at processTicksAndRejections (node:internal/process/task_queues:96:5)
[2022-09-05 13:26:38.412] [exthost] [error] Activating extension vscode.json-language-features failed due to an error:
[2022-09-05 13:26:38.412] [exthost] [error] Error: Cannot find module '/home/zdev/.vscode-server/bin/e4503b30fc78200f846c62cf8091b76ff5547662/extensions/json-language-features/client/dist/node/jsonClientMain'
Require stack:
- /home/zdev/.vscode-server/bin/e4503b30fc78200f846c62cf8091b76ff5547662/out/vs/loader.js
- /home/zdev/.vscode-server/bin/e4503b30fc78200f846c62cf8091b76ff5547662/out/bootstrap-amd.js
- /home/zdev/.vscode-server/bin/e4503b30fc78200f846c62cf8091b76ff5547662/out/bootstrap-fork.js
	at Function.Module._resolveFilename (node:internal/modules/cjs/loader:933:15)
	at Function.Module._load (node:internal/modules/cjs/loader:778:27)
	at Function.r._load (/home/zdev/.vscode-server/bin/e4503b30fc78200f846c62cf8091b76ff5547662/out/vs/workbench/api/node/extensionHostProcess.js:111:14538)
	at Function.w._load (/home/zdev/.vscode-server/bin/e4503b30fc78200f846c62cf8091b76ff5547662/out/vs/workbench/api/node/extensionHostProcess.js:106:62507)
	at Function.v._load (/home/zdev/.vscode-server/bin/e4503b30fc78200f846c62cf8091b76ff5547662/out/vs/workbench/api/node/extensionHostProcess.js:106:61875)
	at Module.require (node:internal/modules/cjs/loader:1005:19)
	at require (node:internal/modules/cjs/helpers:102:18)
	at Function.r [as __$__nodeRequire] (/home/zdev/.vscode-server/bin/e4503b30fc78200f846c62cf8091b76ff5547662/out/vs/loader.js:5:101)
	at b._loadCommonJSModule (/home/zdev/.vscode-server/bin/e4503b30fc78200f846c62cf8091b76ff5547662/out/vs/workbench/api/node/extensionHostProcess.js:106:63965)
	at b._doActivateExtension (/home/zdev/.vscode-server/bin/e4503b30fc78200f846c62cf8091b76ff5547662/out/vs/workbench/api/node/extensionHostProcess.js:97:14754)
	at b._activateExtension (/home/zdev/.vscode-server/bin/e4503b30fc78200f846c62cf8091b76ff5547662/out/vs/workbench/api/node/extensionHostProcess.js:97:13693)
	at Object.actualActivateExtension (/home/zdev/.vscode-server/bin/e4503b30fc78200f846c62cf8091b76ff5547662/out/vs/workbench/api/node/extensionHostProcess.js:97:9858)
	at v._activate (/home/zdev/.vscode-server/bin/e4503b30fc78200f846c62cf8091b76ff5547662/out/vs/workbench/api/node/extensionHostProcess.js:85:8197)
	at v._waitForDepsThenActivate (/home/zdev/.vscode-server/bin/e4503b30fc78200f846c62cf8091b76ff5547662/out/vs/workbench/api/node/extensionHostProcess.js:85:8133)
	at v._initialize (/home/zdev/.vscode-server/bin/e4503b30fc78200f846c62cf8091b76ff5547662/out/vs/workbench/api/node/extensionHostProcess.js:85:7497)
	at new v (/home/zdev/.vscode-server/bin/e4503b30fc78200f846c62cf8091b76ff5547662/out/vs/workbench/api/node/extensionHostProcess.js:85:7296)
	at P._createAndSaveOperation (/home/zdev/.vscode-server/bin/e4503b30fc78200f846c62cf8091b76ff5547662/out/vs/workbench/api/node/extensionHostProcess.js:85:6921)
	at P._handleActivationRequest (/home/zdev/.vscode-server/bin/e4503b30fc78200f846c62cf8091b76ff5547662/out/vs/workbench/api/node/extensionHostProcess.js:85:6832)
	at /home/zdev/.vscode-server/bin/e4503b30fc78200f846c62cf8091b76ff5547662/out/vs/workbench/api/node/extensionHostProcess.js:85:5264
	at Array.map (<anonymous>)
	at P._activateExtensions (/home/zdev/.vscode-server/bin/e4503b30fc78200f846c62cf8091b76ff5547662/out/vs/workbench/api/node/extensionHostProcess.js:85:5252)
	at P.activateByEvent (/home/zdev/.vscode-server/bin/e4503b30fc78200f846c62cf8091b76ff5547662/out/vs/workbench/api/node/extensionHostProcess.js:85:4845)
	at b._activateByEvent (/home/zdev/.vscode-server/bin/e4503b30fc78200f846c62cf8091b76ff5547662/out/vs/workbench/api/node/extensionHostProcess.js:97:11674)
	at /home/zdev/.vscode-server/bin/e4503b30fc78200f846c62cf8091b76ff5547662/out/vs/workbench/api/node/extensionHostProcess.js:97:23461
	at runMicrotasks (<anonymous>)
	at processTicksAndRejections (node:internal/process/task_queues:96:5)
[2022-09-05 13:28:30.651] [exthost] [info] Extension host terminating: received terminate message from renderer
[2022-09-05 13:28:30.651] [exthost] [info] Lock '/home/zdev/.vscode-server/data/User/workspaceStorage/53bad42102c1c0e813aeabb08797f9bc/vscode.lock': Marking the lockfile as scheduled to be released in 6000 ms.
[2022-09-05 13:28:30.674] [exthost] [info] Extension host with pid 716 exiting with code 0
